<?xml version="1.0" encoding="UTF-8"?>
<testsuites>
  <testsuite name="shinytest2-tm_a_regression" timestamp="2024-04-12T11:27:26Z" hostname="c2b06b8f5b59" tests="18" skipped="0" failures="5" errors="1" time="8.373">
    <testcase time="4.857" classname="shinytest2_tm_a_regression" name="e2e_tm_a_regerssion_"/>
    <testcase time="0.0190000000000001" classname="shinytest2_tm_a_regression" name="e2e_tm_a_regerssion_"/>
    <testcase time="0.0139999999999993" classname="shinytest2_tm_a_regression" name="e2e_tm_a_regerssion_"/>
    <testcase time="0.0990000000000002" classname="shinytest2_tm_a_regression" name="e2e_tm_a_regerssion_"/>
    <testcase time="0.056" classname="shinytest2_tm_a_regression" name="e2e_tm_a_regerssion_"/>
    <testcase time="0.728" classname="shinytest2_tm_a_regression" name="e2e_tm_a_regerssion_">
      <failure type="failure" message="self$get_html(&quot;.shiny-output-error-validation&quot;) is not NULL ('test-shinytest2-tm_a_regression.R:29:3')">self$get_html(".shiny-output-error-validation") is not NULL

`actual` is a character vector ('&lt;div class="shiny-html-output plot_out_container shiny-bound-output shiny-output-error shiny-output-error-validation shiny-output-error-try-error" id="teal-main_ui-root-regression-module-myplot-plot_out_main" width="100%" aria-live="polite"&gt;could not find function "aes" \n when evaluating qenv code:\ng &amp;lt;- ggplot2::ggplot(data = data, aes(sample = .stdresid)) + ggplot2::stat_qq(size = 2, alpha = 1) + ggplot2::geom_abline(linetype = "dashed") + stat_qq(geom = ggrepel::GeomTextRepel, label = dplyr::if_else(data$.cooksd &amp;gt; 3.6 * mean(data$.cooksd, na.rm = TRUE), as.character(stats::na.omit(ANL)[["uptake"]]), "") %&amp;gt;% dplyr::if_else(is.na(.), "cooksd == NaN", .) %&amp;gt;% data.frame(label = .) %&amp;gt;% dplyr::filter(label != "cooksd == NaN") %&amp;gt;% unlist(), color = "red", hjust = 0, vjust = 0, max.overlaps = Inf,      min.segment.length = 0.5, segment.alpha = 0.5, seed = 123) + ggplot2::labs(subtitle = "Plot generated by Regression Module", x = paste0("Theoretical Quantiles\\nlm(", reg_form, ")"), y = "Standardized residuals", title = "Normal Q-Q") + ggplot2::theme_gray()&lt;/div&gt;', '&lt;pre class="shiny-text-output noplaceholder shiny-bound-output shiny-output-error shiny-output-error-validation shiny-output-error-try-error" id="teal-main_ui-root-regression-module-text" aria-live="polite"&gt;could not find function "aes" \n when evaluating qenv code:\ng &amp;lt;- ggplot2::ggplot(data = data, aes(sample = .stdresid)) + ggplot2::stat_qq(size = 2, alpha = 1) + ggplot2::geom_abline(linetype = "dashed") + stat_qq(geom = ggrepel::GeomTextRepel, label = dplyr::if_else(data$.cooksd &amp;gt; 3.6 * mean(data$.cooksd, na.rm = TRUE), as.character(stats::na.omit(ANL)[["uptake"]]), "") %&amp;gt;% dplyr::if_else(is.na(.), "cooksd == NaN", .) %&amp;gt;% data.frame(label = .) %&amp;gt;% dplyr::filter(label != "cooksd == NaN") %&amp;gt;% unlist(), color = "red", hjust = 0, vjust = 0, max.overlaps = Inf,      min.segment.length = 0.5, segment.alpha = 0.5, seed = 123) + ggplot2::labs(subtitle = "Plot generated by Regression Module", x = paste0("Theoretical Quantiles\\nlm(", reg_form, ")"), y = "Standardized residuals", title = "Normal Q-Q") + ggplot2::theme_gray()&lt;/pre&gt;')
`expected` is NULL
No validation error is observed
Backtrace:
    ▆
 1. └─app$expect_no_validation_error() at test-shinytest2-tm_a_regression.R:29:3
 2.   └─testthat::expect_null(...)</failure>
    </testcase>
    <testcase time="0.0500000000000007" classname="shinytest2_tm_a_regression" name="e2e_tm_a_regerssion_"/>
    <testcase time="0.00499999999999989" classname="shinytest2_tm_a_regression" name="e2e_tm_a_regerssion_"/>
    <testcase time="0.000999999999999446" classname="shinytest2_tm_a_regression" name="e2e_tm_a_regerssion_"/>
    <testcase time="0.00100000000000033" classname="shinytest2_tm_a_regression" name="e2e_tm_a_regerssion_"/>
    <testcase time="0.607" classname="shinytest2_tm_a_regression" name="e2e_tm_a_regerssion_">
      <failure type="failure" message="self$get_html(&quot;.shiny-output-error-validation&quot;) is not NULL ('test-shinytest2-tm_a_regression.R:41:3')">self$get_html(".shiny-output-error-validation") is not NULL

`actual` is a character vector ('&lt;div class="shiny-html-output plot_out_container shiny-bound-output shiny-output-error shiny-output-error-validation shiny-output-error-try-error" id="teal-main_ui-root-regression-module-myplot-plot_out_main" width="100%" aria-live="polite"&gt;could not find function "aes" \n when evaluating qenv code:\ng &amp;lt;- ggplot2::ggplot(data = data, aes(.fitted, .resid)) + ggplot2::geom_point(size = 2, alpha = 1) + ggplot2::geom_hline(yintercept = 0, linetype = "dashed", size = 1) + ggplot2::geom_line(data = smoothy, mapping = smoothy_aes) + ggrepel::geom_text_repel(label = dplyr::if_else(data$.cooksd &amp;gt; 3.6 * mean(data$.cooksd, na.rm = TRUE), as.character(stats::na.omit(ANL)[["uptake"]]), "") %&amp;gt;% dplyr::if_else(is.na(.), "cooksd == NaN", .), color = "red", hjust = 0, vjust = 1, max.overlaps = Inf, min.segment.length = 0.5,      segment.alpha = 0.5, seed = 123) + ggplot2::labs(subtitle = "Plot generated by Regression Module", x = paste0("Fitted values\\nlm(", reg_form, ")"), y = "Residuals", title = "Residuals vs Fitted") + ggplot2::theme_gray()&lt;/div&gt;', '&lt;pre class="shiny-text-output noplaceholder shiny-bound-output shiny-output-error shiny-output-error-validation shiny-output-error-try-error" id="teal-main_ui-root-regression-module-text" aria-live="polite"&gt;could not find function "aes" \n when evaluating qenv code:\ng &amp;lt;- ggplot2::ggplot(data = data, aes(.fitted, .resid)) + ggplot2::geom_point(size = 2, alpha = 1) + ggplot2::geom_hline(yintercept = 0, linetype = "dashed", size = 1) + ggplot2::geom_line(data = smoothy, mapping = smoothy_aes) + ggrepel::geom_text_repel(label = dplyr::if_else(data$.cooksd &amp;gt; 3.6 * mean(data$.cooksd, na.rm = TRUE), as.character(stats::na.omit(ANL)[["uptake"]]), "") %&amp;gt;% dplyr::if_else(is.na(.), "cooksd == NaN", .), color = "red", hjust = 0, vjust = 1, max.overlaps = Inf, min.segment.length = 0.5,      segment.alpha = 0.5, seed = 123) + ggplot2::labs(subtitle = "Plot generated by Regression Module", x = paste0("Fitted values\\nlm(", reg_form, ")"), y = "Residuals", title = "Residuals vs Fitted") + ggplot2::theme_gray()&lt;/pre&gt;')
`expected` is NULL
No validation error is observed
Backtrace:
    ▆
 1. └─app$expect_no_validation_error() at test-shinytest2-tm_a_regression.R:41:3
 2.   └─testthat::expect_null(...)</failure>
    </testcase>
    <testcase time="0.645" classname="shinytest2_tm_a_regression" name="e2e_tm_a_regerssion_">
      <failure type="failure" message="self$get_html(&quot;.shiny-output-error-validation&quot;) is not NULL ('test-shinytest2-tm_a_regression.R:43:3')">self$get_html(".shiny-output-error-validation") is not NULL

`actual` is a character vector ('&lt;div class="shiny-html-output plot_out_container shiny-bound-output shiny-output-error shiny-output-error-validation shiny-output-error-try-error" id="teal-main_ui-root-regression-module-myplot-plot_out_main" width="100%" aria-live="polite"&gt;could not find function "aes" \n when evaluating qenv code:\ng &amp;lt;- ggplot2::ggplot(data = data, aes(sample = .stdresid)) + ggplot2::stat_qq(size = 2, alpha = 1) + ggplot2::geom_abline(linetype = "dashed") + stat_qq(geom = ggrepel::GeomTextRepel, label = dplyr::if_else(data$.cooksd &amp;gt; 3.6 * mean(data$.cooksd, na.rm = TRUE), as.character(stats::na.omit(ANL)[["uptake"]]), "") %&amp;gt;% dplyr::if_else(is.na(.), "cooksd == NaN", .) %&amp;gt;% data.frame(label = .) %&amp;gt;% dplyr::filter(label != "cooksd == NaN") %&amp;gt;% unlist(), color = "red", hjust = 0, vjust = 0, max.overlaps = Inf,      min.segment.length = 0.5, segment.alpha = 0.5, seed = 123) + ggplot2::labs(subtitle = "Plot generated by Regression Module", x = paste0("Theoretical Quantiles\\nlm(", reg_form, ")"), y = "Standardized residuals", title = "Normal Q-Q") + ggplot2::theme_gray()&lt;/div&gt;', '&lt;pre class="shiny-text-output noplaceholder shiny-bound-output shiny-output-error shiny-output-error-validation shiny-output-error-try-error" id="teal-main_ui-root-regression-module-text" aria-live="polite"&gt;could not find function "aes" \n when evaluating qenv code:\ng &amp;lt;- ggplot2::ggplot(data = data, aes(sample = .stdresid)) + ggplot2::stat_qq(size = 2, alpha = 1) + ggplot2::geom_abline(linetype = "dashed") + stat_qq(geom = ggrepel::GeomTextRepel, label = dplyr::if_else(data$.cooksd &amp;gt; 3.6 * mean(data$.cooksd, na.rm = TRUE), as.character(stats::na.omit(ANL)[["uptake"]]), "") %&amp;gt;% dplyr::if_else(is.na(.), "cooksd == NaN", .) %&amp;gt;% data.frame(label = .) %&amp;gt;% dplyr::filter(label != "cooksd == NaN") %&amp;gt;% unlist(), color = "red", hjust = 0, vjust = 0, max.overlaps = Inf,      min.segment.length = 0.5, segment.alpha = 0.5, seed = 123) + ggplot2::labs(subtitle = "Plot generated by Regression Module", x = paste0("Theoretical Quantiles\\nlm(", reg_form, ")"), y = "Standardized residuals", title = "Normal Q-Q") + ggplot2::theme_gray()&lt;/pre&gt;')
`expected` is NULL
No validation error is observed
Backtrace:
    ▆
 1. └─app$expect_no_validation_error() at test-shinytest2-tm_a_regression.R:43:3
 2.   └─testthat::expect_null(...)</failure>
    </testcase>
    <testcase time="0.603" classname="shinytest2_tm_a_regression" name="e2e_tm_a_regerssion_"/>
    <testcase time="0.00900000000000034" classname="shinytest2_tm_a_regression" name="e2e_tm_a_regerssion_">
      <failure type="failure" message="self$get_html(&quot;.shiny-output-error-validation&quot;) is not NULL ('test-shinytest2-tm_a_regression.R:48:3')">self$get_html(".shiny-output-error-validation") is not NULL

`actual` is a character vector ('&lt;div class="shiny-html-output plot_out_container shiny-bound-output shiny-output-error shiny-output-error-validation shiny-output-error-try-error" id="teal-main_ui-root-regression-module-myplot-plot_out_main" width="100%" aria-live="polite"&gt;could not find function "aes" \n when evaluating qenv code:\ng &amp;lt;- ggplot2::ggplot(data = data, aes(sample = .stdresid)) + ggplot2::stat_qq(size = 2, alpha = 1) + ggplot2::geom_abline(linetype = "dashed") + ggplot2::labs(subtitle = "Plot generated by Regression Module", x = paste0("Theoretical Quantiles\\nlm(", reg_form, ")"), y = "Standardized residuals", title = "Normal Q-Q") + ggplot2::theme_gray()&lt;/div&gt;', '&lt;pre class="shiny-text-output noplaceholder shiny-bound-output shiny-output-error shiny-output-error-validation shiny-output-error-try-error" id="teal-main_ui-root-regression-module-text" aria-live="polite"&gt;could not find function "aes" \n when evaluating qenv code:\ng &amp;lt;- ggplot2::ggplot(data = data, aes(sample = .stdresid)) + ggplot2::stat_qq(size = 2, alpha = 1) + ggplot2::geom_abline(linetype = "dashed") + ggplot2::labs(subtitle = "Plot generated by Regression Module", x = paste0("Theoretical Quantiles\\nlm(", reg_form, ")"), y = "Standardized residuals", title = "Normal Q-Q") + ggplot2::theme_gray()&lt;/pre&gt;')
`expected` is NULL
No validation error is observed
Backtrace:
    ▆
 1. └─app$expect_no_validation_error() at test-shinytest2-tm_a_regression.R:48:3
 2.   └─testthat::expect_null(...)</failure>
    </testcase>
    <testcase time="0.638" classname="shinytest2_tm_a_regression" name="e2e_tm_a_regerssion_"/>
    <testcase time="0.00900000000000034" classname="shinytest2_tm_a_regression" name="e2e_tm_a_regerssion_">
      <failure type="failure" message="self$get_html(&quot;.shiny-output-error-validation&quot;) is not NULL ('test-shinytest2-tm_a_regression.R:53:3')">self$get_html(".shiny-output-error-validation") is not NULL

`actual` is a character vector ('&lt;div class="shiny-html-output plot_out_container shiny-bound-output shiny-output-error shiny-output-error-validation shiny-output-error-try-error" id="teal-main_ui-root-regression-module-myplot-plot_out_main" width="100%" aria-live="polite"&gt;could not find function "aes" \n when evaluating qenv code:\ng &amp;lt;- ggplot2::ggplot(data = data, aes(sample = .stdresid)) + ggplot2::stat_qq(size = 2, alpha = 1) + ggplot2::geom_abline(linetype = "dashed") + stat_qq(geom = ggrepel::GeomTextRepel, label = dplyr::if_else(data$.cooksd &amp;gt; 3.6 * mean(data$.cooksd, na.rm = TRUE), as.character(stats::na.omit(ANL)[["uptake"]]), "") %&amp;gt;% dplyr::if_else(is.na(.), "cooksd == NaN", .) %&amp;gt;% data.frame(label = .) %&amp;gt;% dplyr::filter(label != "cooksd == NaN") %&amp;gt;% unlist(), color = "red", hjust = 0, vjust = 0, max.overlaps = Inf,      min.segment.length = 0.5, segment.alpha = 0.5, seed = 123) + ggplot2::labs(subtitle = "Plot generated by Regression Module", x = paste0("Theoretical Quantiles\\nlm(", reg_form, ")"), y = "Standardized residuals", title = "Normal Q-Q") + ggplot2::theme_gray()&lt;/div&gt;', '&lt;pre class="shiny-text-output noplaceholder shiny-bound-output shiny-output-error shiny-output-error-validation shiny-output-error-try-error" id="teal-main_ui-root-regression-module-text" aria-live="polite"&gt;could not find function "aes" \n when evaluating qenv code:\ng &amp;lt;- ggplot2::ggplot(data = data, aes(sample = .stdresid)) + ggplot2::stat_qq(size = 2, alpha = 1) + ggplot2::geom_abline(linetype = "dashed") + stat_qq(geom = ggrepel::GeomTextRepel, label = dplyr::if_else(data$.cooksd &amp;gt; 3.6 * mean(data$.cooksd, na.rm = TRUE), as.character(stats::na.omit(ANL)[["uptake"]]), "") %&amp;gt;% dplyr::if_else(is.na(.), "cooksd == NaN", .) %&amp;gt;% data.frame(label = .) %&amp;gt;% dplyr::filter(label != "cooksd == NaN") %&amp;gt;% unlist(), color = "red", hjust = 0, vjust = 0, max.overlaps = Inf,      min.segment.length = 0.5, segment.alpha = 0.5, seed = 123) + ggplot2::labs(subtitle = "Plot generated by Regression Module", x = paste0("Theoretical Quantiles\\nlm(", reg_form, ")"), y = "Standardized residuals", title = "Normal Q-Q") + ggplot2::theme_gray()&lt;/pre&gt;')
`expected` is NULL
No validation error is observed
Backtrace:
    ▆
 1. └─app$expect_no_validation_error() at test-shinytest2-tm_a_regression.R:53:3
 2.   └─testthat::expect_null(...)</failure>
    </testcase>
    <testcase time="0.0199999999999996" classname="shinytest2_tm_a_regression" name="e2e_tm_a_regerssion_"/>
    <testcase time="0.0120000000000005" classname="shinytest2_tm_a_regression" name="e2e_tm_a_regerssion_">
      <error type="error" message="Error in `onRejected(reason)`: code: -32000 ('test-shinytest2-tm_a_regression.R:58:3')">Error in `onRejected(reason)`: code: -32000
  message: DOM Error while querying
Backtrace:
     ▆
  1. └─app$click("#_div &gt; div.panel-heading.collapsed") at test-shinytest2-tm_a_regression.R:58:3
  2.   └─super$click(...)
  3.     └─shinytest2:::app_click(...)
  4.       └─shinytest2:::app_find_node_id(...)
  5.         └─shinytest2:::chromote_find_elements(...)
  6.           ├─base::unlist(chromote_session$DOM$querySelectorAll(root_id, css)$nodeIds)
  7.           └─chromote_session$DOM$querySelectorAll(root_id, css)
  8.             └─self$wait_for(p)
  9.               └─self$parent$wait_for(p)
 10.                 └─chromote:::synchronize(p, loop = private$child_loop)
 11.                   ├─promises::with_promise_domain(...)
 12.                   │ └─domain$wrapSync(expr)
 13.                   │   └─base::force(expr)
 14.                   └─base::tryCatch(...)
 15.                     └─base (local) tryCatchList(expr, classes, parentenv, handlers)
 16.                       └─base (local) tryCatchOne(expr, names, parentenv, handlers[[1L]])
 17.                         └─base (local) doTryCatch(return(expr), name, parentenv, handler)</error>
    </testcase>
  </testsuite>
  <testsuite name="tm_g_bivariate" timestamp="2024-04-12T11:27:35Z" hostname="c2b06b8f5b59" tests="18" skipped="0" failures="0" errors="0" time="0.161">
    <testcase time="0.036999999999999" classname="tm_g_bivariate" name="tm_g_bivariate_creates_a_teal_module_object"/>
    <testcase time="0.00500000000000078" classname="tm_g_bivariate" name="tm_g_bivariate_creates_a_teal_module_object_with_default_options"/>
    <testcase time="0.00499999999999901" classname="tm_g_bivariate" name="tm_g_bivariate_creates_a_teal_module_object_with_multiple_data_extract_specs"/>
    <testcase time="0.00500000000000078" classname="tm_g_bivariate" name="tm_g_bivariate_creates_a_module_with_datanames_taken_from_data_extracts"/>
    <testcase time="0.00799999999999912" classname="tm_g_bivariate" name="tm_g_bivariate_fails_when_x_contains_a_spec_with_multiple_selection"/>
    <testcase time="0.00700000000000145" classname="tm_g_bivariate" name="tm_g_bivariate_fails_when_x_contains_multiple_spec_with_at_least_one_multiple_selection"/>
    <testcase time="0.00799999999999912" classname="tm_g_bivariate" name="tm_g_bivariate_fails_when_x_contains_multiple_spec_with_at_least_one_multiple_selection"/>
    <testcase time="0.00699999999999967" classname="tm_g_bivariate" name="tm_g_bivariate_fails_when_y_contains_multiple_spec_with_at_least_one_multiple_selection"/>
    <testcase time="0.0080000000000009" classname="tm_g_bivariate" name="tm_g_bivariate_fails_when_plot_height_is_not_valid"/>
    <testcase time="0.00699999999999967" classname="tm_g_bivariate" name="tm_g_bivariate_fails_when_plot_height_is_not_valid"/>
    <testcase time="0.0080000000000009" classname="tm_g_bivariate" name="tm_g_bivariate_fails_when_plot_height_is_not_valid"/>
    <testcase time="0.00799999999999912" classname="tm_g_bivariate" name="tm_g_bivariate_fails_when_plot_width_is_not_valid"/>
    <testcase time="0.0129999999999999" classname="tm_g_bivariate" name="tm_g_bivariate_fails_when_plot_width_is_not_valid"/>
    <testcase time="0.0080000000000009" classname="tm_g_bivariate" name="tm_g_bivariate_fails_when_plot_width_is_not_valid"/>
    <testcase time="0.00699999999999967" classname="tm_g_bivariate" name="tm_g_bivariate_fails_when_color_setting_is_FALSE_and_color_is_supplied"/>
    <testcase time="0.00799999999999912" classname="tm_g_bivariate" name="tm_g_bivariate_fails_when_color_setting_is_FALSE_and_size_is_supplied"/>
    <testcase time="0.00699999999999967" classname="tm_g_bivariate" name="tm_g_bivariate_fails_when_color_setting_is_FALSE_and_fill_is_supplied"/>
    <testcase time="0.00500000000000078" classname="tm_g_bivariate" name="tm_g_bivariate_determines_color_size_and_fill_when_color_setting_is_TRUE"/>
  </testsuite>
  <testsuite name="bivariate_ggplot_call" timestamp="2024-04-12T11:27:35Z" hostname="c2b06b8f5b59" tests="21" skipped="0" failures="0" errors="0" time="0.074">
    <testcase time="0.0169999999999995" classname="bivariate_ggplot_call" name="bivariate_ggplot_call_with_numerics"/>
    <testcase time="0.00200000000000067" classname="bivariate_ggplot_call" name="bivariate_ggplot_call_with_numerics"/>
    <testcase time="0.00300000000000011" classname="bivariate_ggplot_call" name="bivariate_ggplot_call_with_numerics"/>
    <testcase time="0.00199999999999889" classname="bivariate_ggplot_call" name="bivariate_ggplot_call_with_numerics"/>
    <testcase time="0.00500000000000078" classname="bivariate_ggplot_call" name="bivariate_ggplot_call_with_factor_char_logical"/>
    <testcase time="0.00200000000000067" classname="bivariate_ggplot_call" name="bivariate_ggplot_call_with_factor_char_logical"/>
    <testcase time="0.00300000000000011" classname="bivariate_ggplot_call" name="bivariate_ggplot_call_with_factor_char_logical"/>
    <testcase time="0.00199999999999889" classname="bivariate_ggplot_call" name="bivariate_ggplot_call_with_factor_char_logical"/>
    <testcase time="0.00300000000000011" classname="bivariate_ggplot_call" name="bivariate_ggplot_call_with_factor_char_logical"/>
    <testcase time="0.00200000000000067" classname="bivariate_ggplot_call" name="bivariate_ggplot_call_with_factor_char_logical"/>
    <testcase time="0.00199999999999889" classname="bivariate_ggplot_call" name="bivariate_ggplot_call_with_factor_char_logical"/>
    <testcase time="0.00500000000000078" classname="bivariate_ggplot_call" name="bivariate_ggplot_call_with_single_data_numeric"/>
    <testcase time="0.00300000000000011" classname="bivariate_ggplot_call" name="bivariate_ggplot_call_with_single_data_numeric"/>
    <testcase time="0.00200000000000067" classname="bivariate_ggplot_call" name="bivariate_ggplot_call_with_single_data_numeric"/>
    <testcase time="0.00299999999999834" classname="bivariate_ggplot_call" name="bivariate_ggplot_call_with_single_data_numeric"/>
    <testcase time="0.00300000000000011" classname="bivariate_ggplot_call" name="bivariate_ggplot_call_with_single_data_numeric"/>
    <testcase time="0.00300000000000011" classname="bivariate_ggplot_call" name="bivariate_ggplot_call_with_single_data_numeric"/>
    <testcase time="0.00500000000000078" classname="bivariate_ggplot_call" name="bivariate_ggplot_call_with_single_data_factor"/>
    <testcase time="0.00200000000000067" classname="bivariate_ggplot_call" name="bivariate_ggplot_call_with_single_data_factor"/>
    <testcase time="0.00299999999999834" classname="bivariate_ggplot_call" name="bivariate_ggplot_call_with_single_data_factor"/>
    <testcase time="0.00200000000000067" classname="bivariate_ggplot_call" name="bivariate_ggplot_call_with_single_data_factor"/>
  </testsuite>
  <testsuite name="front_page" timestamp="2024-04-12T11:27:35Z" hostname="c2b06b8f5b59" tests="4" skipped="0" failures="0" errors="0" time="0.02">
    <testcase time="0.00699999999999967" classname="front_page" name="convert_metadata_to_dataframe_returns_a_data_frame_with_no_rows_if_no_metadata"/>
    <testcase time="0.00500000000000078" classname="front_page" name="convert_metadata_to_dataframe_returns_a_data_frame_with_metadata_if_more_than_one_dataset"/>
    <testcase time="0.00399999999999956" classname="front_page" name="convert_metadata_to_dataframe_returns_a_data_frame_with_metadata_if_one_dataset"/>
    <testcase time="0.00399999999999956" classname="front_page" name="convert_metadata_to_dataframe_converts_metadata_values_to_characters"/>
  </testsuite>
  <testsuite name="g_expert_cl" timestamp="2024-04-12T11:27:35Z" hostname="c2b06b8f5b59" tests="15" skipped="0" failures="0" errors="0" time="0.027">
    <testcase time="0.00600000000000023" classname="g_expert_cl" name="coloring_ggplot_call_can_work_with_all_combinations"/>
    <testcase time="0.00100000000000122" classname="g_expert_cl" name="coloring_ggplot_call_can_work_with_all_combinations"/>
    <testcase time="0.000999999999999446" classname="g_expert_cl" name="coloring_ggplot_call_can_work_with_all_combinations"/>
    <testcase time="0.000999999999999446" classname="g_expert_cl" name="coloring_ggplot_call_can_work_with_all_combinations"/>
    <testcase time="0.00200000000000067" classname="g_expert_cl" name="coloring_ggplot_call_can_work_with_all_combinations"/>
    <testcase time="0.000999999999999446" classname="g_expert_cl" name="coloring_ggplot_call_can_work_with_all_combinations"/>
    <testcase time="0.000999999999999446" classname="g_expert_cl" name="coloring_ggplot_call_can_work_with_all_combinations"/>
    <testcase time="0.00300000000000011" classname="g_expert_cl" name="coloring_ggplot_call_can_work_with_all_combinations_without_colour_var"/>
    <testcase time="0.00200000000000067" classname="g_expert_cl" name="coloring_ggplot_call_can_work_with_all_combinations_without_colour_var"/>
    <testcase time="0.000999999999999446" classname="g_expert_cl" name="coloring_ggplot_call_can_work_with_all_combinations_without_colour_var"/>
    <testcase time="0.00100000000000122" classname="g_expert_cl" name="coloring_ggplot_call_can_work_with_all_combinations_without_colour_var"/>
    <testcase time="0.000999999999999446" classname="g_expert_cl" name="coloring_ggplot_call_can_work_with_all_combinations_without_colour_var"/>
    <testcase time="0.00399999999999956" classname="g_expert_cl" name="coloring_ggplot_call_can_work_size_var"/>
    <testcase time="0.000999999999999446" classname="g_expert_cl" name="coloring_ggplot_call_can_work_size_var"/>
    <testcase time="0.00100000000000122" classname="g_expert_cl" name="coloring_ggplot_call_can_work_size_var"/>
  </testsuite>
  <testsuite name="scatterplotmatrix_get_stats" timestamp="2024-04-12T11:27:35Z" hostname="c2b06b8f5b59" tests="6" skipped="0" failures="0" errors="0" time="0.029">
    <testcase time="0.0139999999999993" classname="scatterplotmatrix_get_stats" name="get_scatterplotmatrix_stats_x_y_numeric"/>
    <testcase time="0.00300000000000011" classname="scatterplotmatrix_get_stats" name="get_scatterplotmatrix_stats_x_y_numeric"/>
    <testcase time="0.00300000000000011" classname="scatterplotmatrix_get_stats" name="get_scatterplotmatrix_stats_x_y_numeric"/>
    <testcase time="0.00399999999999956" classname="scatterplotmatrix_get_stats" name="get_scatterplotmatrix_stats_x_y_character"/>
    <testcase time="0.00300000000000011" classname="scatterplotmatrix_get_stats" name="get_scatterplotmatrix_stats_x_y_character"/>
    <testcase time="0.00200000000000067" classname="scatterplotmatrix_get_stats" name="get_scatterplotmatrix_stats_x_y_character"/>
  </testsuite>
  <testsuite name="variable_browser" timestamp="2024-04-12T11:27:35Z" hostname="c2b06b8f5b59" tests="3" skipped="0" failures="0" errors="0" time="0.013">
    <testcase time="0.00499999999999901" classname="variable_browser" name="remove_outliers_from_does_not_remove_outliers_when_outlier_definition_is_zero"/>
    <testcase time="0.00500000000000078" classname="variable_browser" name="remove_outliers_from_removes_outliers_when_outlier_definition_is_non_zero"/>
    <testcase time="0.00300000000000011" classname="variable_browser" name="remove_outliers_from_keeps_missing_values_unchanged"/>
  </testsuite>
</testsuites>
