<?xml version="1.0" encoding="UTF-8"?>
<testsuites>
  <testsuite name="examples" timestamp="2024-05-15T10:39:52Z" hostname="8490955cf3cd" tests="40" skipped="40" failures="0" errors="0" time="0.531">
    <testcase time="0.0150000000000001" classname="examples" name="example_add_facet_labels.Rd">
      <skipped message="Reason: testing depth 4 is below current testing specification 5 ('test-examples.R:147:7')"/>
    </testcase>
    <testcase time="0.0469999999999999" classname="examples" name="example_call_fun_dots.Rd">
      <skipped message="Reason: testing depth 4 is below current testing specification 5 ('test-examples.R:147:7')"/>
    </testcase>
    <testcase time="0.0309999999999999" classname="examples" name="example_create_sparklines.Rd">
      <skipped message="Reason: testing depth 4 is below current testing specification 5 ('test-examples.R:147:7')"/>
    </testcase>
    <testcase time="0.014" classname="examples" name="example_establish_updating_selection.Rd">
      <skipped message="Reason: testing depth 4 is below current testing specification 5 ('test-examples.R:147:7')"/>
    </testcase>
    <testcase time="0.0150000000000001" classname="examples" name="example_get_scatterplotmatrix_stats.Rd">
      <skipped message="Reason: testing depth 4 is below current testing specification 5 ('test-examples.R:147:7')"/>
    </testcase>
    <testcase time="0.014" classname="examples" name="example_include_css_files.Rd">
      <skipped message="Reason: testing depth 4 is below current testing specification 5 ('test-examples.R:147:7')"/>
    </testcase>
    <testcase time="0.018" classname="examples" name="example_is_tab_active_js.Rd">
      <skipped message="Reason: testing depth 4 is below current testing specification 5 ('test-examples.R:147:7')"/>
    </testcase>
    <testcase time="0.0109999999999999" classname="examples" name="example_plot_var_summary.Rd">
      <skipped message="Reason: testing depth 4 is below current testing specification 5 ('test-examples.R:147:7')"/>
    </testcase>
    <testcase time="0.012" classname="examples" name="example_rADAE.Rd">
      <skipped message="Reason: testing depth 4 is below current testing specification 5 ('test-examples.R:147:7')"/>
    </testcase>
    <testcase time="0.0110000000000001" classname="examples" name="example_rADLB.Rd">
      <skipped message="Reason: testing depth 4 is below current testing specification 5 ('test-examples.R:147:7')"/>
    </testcase>
    <testcase time="0.0109999999999999" classname="examples" name="example_rADRS.Rd">
      <skipped message="Reason: testing depth 4 is below current testing specification 5 ('test-examples.R:147:7')"/>
    </testcase>
    <testcase time="0.0109999999999999" classname="examples" name="example_rADSL.Rd">
      <skipped message="Reason: testing depth 4 is below current testing specification 5 ('test-examples.R:147:7')"/>
    </testcase>
    <testcase time="0.012" classname="examples" name="example_rADTTE.Rd">
      <skipped message="Reason: testing depth 4 is below current testing specification 5 ('test-examples.R:147:7')"/>
    </testcase>
    <testcase time="0.0110000000000001" classname="examples" name="example_remove_outliers_from.Rd">
      <skipped message="Reason: testing depth 4 is below current testing specification 5 ('test-examples.R:147:7')"/>
    </testcase>
    <testcase time="0.0109999999999999" classname="examples" name="example_render_single_tab.Rd">
      <skipped message="Reason: testing depth 4 is below current testing specification 5 ('test-examples.R:147:7')"/>
    </testcase>
    <testcase time="0.0110000000000001" classname="examples" name="example_render_tab_header.Rd">
      <skipped message="Reason: testing depth 4 is below current testing specification 5 ('test-examples.R:147:7')"/>
    </testcase>
    <testcase time="0.0109999999999999" classname="examples" name="example_render_tab_table.Rd">
      <skipped message="Reason: testing depth 4 is below current testing specification 5 ('test-examples.R:147:7')"/>
    </testcase>
    <testcase time="0.014" classname="examples" name="example_render_tabset_panel_content.Rd">
      <skipped message="Reason: testing depth 4 is below current testing specification 5 ('test-examples.R:147:7')"/>
    </testcase>
    <testcase time="0.012" classname="examples" name="example_shared_params.Rd">
      <skipped message="Reason: testing depth 4 is below current testing specification 5 ('test-examples.R:147:7')"/>
    </testcase>
    <testcase time="0.0110000000000001" classname="examples" name="example_teal.modules.general.Rd">
      <skipped message="Reason: testing depth 4 is below current testing specification 5 ('test-examples.R:147:7')"/>
    </testcase>
    <testcase time="0.0109999999999999" classname="examples" name="example_tm_a_pca.Rd">
      <skipped message="Reason: testing depth 4 is below current testing specification 5 ('test-examples.R:147:7')"/>
    </testcase>
    <testcase time="0.012" classname="examples" name="example_tm_a_regression.Rd">
      <skipped message="Reason: testing depth 4 is below current testing specification 5 ('test-examples.R:147:7')"/>
    </testcase>
    <testcase time="0.0110000000000001" classname="examples" name="example_tm_data_table.Rd">
      <skipped message="Reason: testing depth 4 is below current testing specification 5 ('test-examples.R:147:7')"/>
    </testcase>
    <testcase time="0.0109999999999999" classname="examples" name="example_tm_file_viewer.Rd">
      <skipped message="Reason: testing depth 4 is below current testing specification 5 ('test-examples.R:147:7')"/>
    </testcase>
    <testcase time="0.0109999999999999" classname="examples" name="example_tm_front_page.Rd">
      <skipped message="Reason: testing depth 4 is below current testing specification 5 ('test-examples.R:147:7')"/>
    </testcase>
    <testcase time="0.0110000000000001" classname="examples" name="example_tm_g_association.Rd">
      <skipped message="Reason: testing depth 4 is below current testing specification 5 ('test-examples.R:147:7')"/>
    </testcase>
    <testcase time="0.0109999999999999" classname="examples" name="example_tm_g_bivariate.Rd">
      <skipped message="Reason: testing depth 4 is below current testing specification 5 ('test-examples.R:147:7')"/>
    </testcase>
    <testcase time="0.014" classname="examples" name="example_tm_g_distribution.Rd">
      <skipped message="Reason: testing depth 4 is below current testing specification 5 ('test-examples.R:147:7')"/>
    </testcase>
    <testcase time="0.0110000000000001" classname="examples" name="example_tm_g_response.Rd">
      <skipped message="Reason: testing depth 4 is below current testing specification 5 ('test-examples.R:147:7')"/>
    </testcase>
    <testcase time="0.012" classname="examples" name="example_tm_g_scatterplot.Rd">
      <skipped message="Reason: testing depth 4 is below current testing specification 5 ('test-examples.R:147:7')"/>
    </testcase>
    <testcase time="0.0109999999999999" classname="examples" name="example_tm_g_scatterplotmatrix.Rd">
      <skipped message="Reason: testing depth 4 is below current testing specification 5 ('test-examples.R:147:7')"/>
    </testcase>
    <testcase time="0.0110000000000001" classname="examples" name="example_tm_missing_data.Rd">
      <skipped message="Reason: testing depth 4 is below current testing specification 5 ('test-examples.R:147:7')"/>
    </testcase>
    <testcase time="0.01" classname="examples" name="example_tm_outliers.Rd">
      <skipped message="Reason: testing depth 4 is below current testing specification 5 ('test-examples.R:147:7')"/>
    </testcase>
    <testcase time="0.0109999999999999" classname="examples" name="example_tm_t_crosstable.Rd">
      <skipped message="Reason: testing depth 4 is below current testing specification 5 ('test-examples.R:147:7')"/>
    </testcase>
    <testcase time="0.0109999999999999" classname="examples" name="example_tm_variable_browser.Rd">
      <skipped message="Reason: testing depth 4 is below current testing specification 5 ('test-examples.R:147:7')"/>
    </testcase>
    <testcase time="0.012" classname="examples" name="example_validate_input.Rd">
      <skipped message="Reason: testing depth 4 is below current testing specification 5 ('test-examples.R:147:7')"/>
    </testcase>
    <testcase time="0.0110000000000001" classname="examples" name="example_var_missings_info.Rd">
      <skipped message="Reason: testing depth 4 is below current testing specification 5 ('test-examples.R:147:7')"/>
    </testcase>
    <testcase time="0.0109999999999999" classname="examples" name="example_var_summary_table.Rd">
      <skipped message="Reason: testing depth 4 is below current testing specification 5 ('test-examples.R:147:7')"/>
    </testcase>
    <testcase time="0.014" classname="examples" name="example_variable_type_icons.Rd">
      <skipped message="Reason: testing depth 4 is below current testing specification 5 ('test-examples.R:147:7')"/>
    </testcase>
    <testcase time="0.0110000000000001" classname="examples" name="example_varname_w_label.Rd">
      <skipped message="Reason: testing depth 4 is below current testing specification 5 ('test-examples.R:147:7')"/>
    </testcase>
  </testsuite>
  <testsuite name="shinytest2-tm_a_pca" timestamp="2024-05-15T10:39:52Z" hostname="8490955cf3cd" tests="11" skipped="11" failures="0" errors="0" time="0.133">
    <testcase time="0.02" classname="shinytest2_tm_a_pca" name="e2e_tm_a_pca_Module_is_initialised_with_the_specified_defaults_in_function_call.">
      <skipped message="Reason: testing depth 4 is below current testing specification 5 ('test-shinytest2-tm_a_pca.R:37:3')"/>
    </testcase>
    <testcase time="0.0109999999999999" classname="shinytest2_tm_a_pca" name="e2e_tm_a_pca_Eigenvector_table_should_have_data_extract_selection_Murder_Assault_on_header.">
      <skipped message="Reason: testing depth 4 is below current testing specification 5 ('test-shinytest2-tm_a_pca.R:61:3')"/>
    </testcase>
    <testcase time="0.0110000000000001" classname="shinytest2_tm_a_pca" name="e2e_tm_a_pca_Eigenvector_table_should_have_data_extract_selection_Murder_UrbanPop_on_header.">
      <skipped message="Reason: testing depth 4 is below current testing specification 5 ('test-shinytest2-tm_a_pca.R:78:3')"/>
    </testcase>
    <testcase time="0.0109999999999999" classname="shinytest2_tm_a_pca" name="e2e_tm_a_pca_Color_by_columns_data_extract_must_be_from_non_selected_variable_set.">
      <skipped message="Reason: testing depth 4 is below current testing specification 5 ('test-shinytest2-tm_a_pca.R:95:3')"/>
    </testcase>
    <testcase time="0.0109999999999999" classname="shinytest2_tm_a_pca" name="e2e_tm_a_pca_Changing_output_encodings_of_tables_display_does_not_generate_errors.">
      <skipped message="Reason: testing depth 4 is below current testing specification 5 ('test-shinytest2-tm_a_pca.R:112:3')"/>
    </testcase>
    <testcase time="0.01" classname="shinytest2_tm_a_pca" name="e2e_tm_a_pca_Changing_output_encodings_for_plot_type_does_not_generate_errors.">
      <skipped message="Reason: testing depth 4 is below current testing specification 5 ('test-shinytest2-tm_a_pca.R:133:3')"/>
    </testcase>
    <testcase time="0.0110000000000001" classname="shinytest2_tm_a_pca" name="e2e_tm_a_pca_Changing_output_encodings_of_standardization_does_not_generate_errors.">
      <skipped message="Reason: testing depth 4 is below current testing specification 5 ('test-shinytest2-tm_a_pca.R:156:3')"/>
    </testcase>
    <testcase time="0.0109999999999999" classname="shinytest2_tm_a_pca" name="e2e_tm_a_pca_Changing_output_encodings_of_NA_action_does_not_generate_errors.">
      <skipped message="Reason: testing depth 4 is below current testing specification 5 ('test-shinytest2-tm_a_pca.R:174:3')"/>
    </testcase>
    <testcase time="0.0150000000000001" classname="shinytest2_tm_a_pca" name="e2e_tm_a_pca_Changing_output_encodings_of_plot_type_hides_and_shows_options.">
      <skipped message="Reason: testing depth 4 is below current testing specification 5 ('test-shinytest2-tm_a_pca.R:188:3')"/>
    </testcase>
    <testcase time="0.0109999999999999" classname="shinytest2_tm_a_pca" name="e2e_tm_a_pca_Changing_output_encodings_of_theme_does_not_generate_errors.">
      <skipped message="Reason: testing depth 4 is below current testing specification 5 ('test-shinytest2-tm_a_pca.R:220:3')"/>
    </testcase>
    <testcase time="0.0110000000000001" classname="shinytest2_tm_a_pca" name="e2e_tm_a_pca_Changing_output_encodings_of_font_size_does_not_generate_errors.">
      <skipped message="Reason: testing depth 4 is below current testing specification 5 ('test-shinytest2-tm_a_pca.R:238:3')"/>
    </testcase>
  </testsuite>
  <testsuite name="shinytest2-tm_a_regression" timestamp="2024-05-15T10:39:53Z" hostname="8490955cf3cd" tests="7" skipped="7" failures="0" errors="0" time="0.093">
    <testcase time="0.0229999999999999" classname="shinytest2_tm_a_regression" name="e2e_tm_a_regression_Data_parameter_and_module_label_is_passed_properly.">
      <skipped message="Reason: testing depth 4 is below current testing specification 5 ('test-shinytest2-tm_a_regression.R:50:3')"/>
    </testcase>
    <testcase time="0.0110000000000001" classname="shinytest2_tm_a_regression" name="e2e_tm_a_regression_Data_extract_spec_elements_are_initialized_with_the_default_values_specified_by_response_and_regressor_arg.">
      <skipped message="Reason: testing depth 4 is below current testing specification 5 ('test-shinytest2-tm_a_regression.R:68:3')"/>
    </testcase>
    <testcase time="0.012" classname="shinytest2_tm_a_regression" name="e2e_tm_a_regression_Plot_type_is_set_properly.">
      <skipped message="Reason: testing depth 4 is below current testing specification 5 ('test-shinytest2-tm_a_regression.R:87:3')"/>
    </testcase>
    <testcase time="0.0109999999999999" classname="shinytest2_tm_a_regression" name="e2e_tm_a_regression_Plot_type_has_7_specific_choices_changing_choices_does_not_throw_errors.">
      <skipped message="Reason: testing depth 4 is below current testing specification 5 ('test-shinytest2-tm_a_regression.R:100:3')"/>
    </testcase>
    <testcase time="0.0109999999999999" classname="shinytest2_tm_a_regression" name="e2e_tm_a_regression_Outlier_definition_and_label_are_visible_by_default.">
      <skipped message="Reason: testing depth 4 is below current testing specification 5 ('test-shinytest2-tm_a_regression.R:127:3')"/>
    </testcase>
    <testcase time="0.01" classname="shinytest2_tm_a_regression" name="e2e_tm_a_regression_Outlier_definition_and_label_have_default_values_and_label_text.">
      <skipped message="Reason: testing depth 4 is below current testing specification 5 ('test-shinytest2-tm_a_regression.R:139:3')"/>
    </testcase>
    <testcase time="0.0150000000000001" classname="shinytest2_tm_a_regression" name="e2e_tm_a_regression_Unchecking_display_outlier_hides_outlier_label_and_definition.">
      <skipped message="Reason: testing depth 4 is below current testing specification 5 ('test-shinytest2-tm_a_regression.R:167:3')"/>
    </testcase>
  </testsuite>
  <testsuite name="shinytest2-tm_data_table" timestamp="2024-05-15T10:39:53Z" hostname="8490955cf3cd" tests="4" skipped="4" failures="0" errors="0" time="0.045">
    <testcase time="0.0129999999999999" classname="shinytest2_tm_data_table" name="e2e_tm_data_table_Initializes_without_errors">
      <skipped message="Reason: testing depth 4 is below current testing specification 5 ('test-shinytest2-tm_data_table.R:24:3')"/>
    </testcase>
    <testcase time="0.0110000000000001" classname="shinytest2_tm_data_table" name="e2e_tm_data_table_Verify_checkbox_displayed_over_data_table">
      <skipped message="Reason: testing depth 4 is below current testing specification 5 ('test-shinytest2-tm_data_table.R:38:3')"/>
    </testcase>
    <testcase time="0.01" classname="shinytest2_tm_data_table" name="e2e_tm_data_table_Verify_module_displays_data_table">
      <skipped message="Reason: testing depth 4 is below current testing specification 5 ('test-shinytest2-tm_data_table.R:47:3')"/>
    </testcase>
    <testcase time="0.0109999999999999" classname="shinytest2_tm_data_table" name="e2e_tm_data_table_Verify_default_variable_selection_and_set_new_selection">
      <skipped message="Reason: testing depth 4 is below current testing specification 5 ('test-shinytest2-tm_data_table.R:83:3')"/>
    </testcase>
  </testsuite>
  <testsuite name="shinytest2-tm_file_viewer" timestamp="2024-05-15T10:39:53Z" hostname="8490955cf3cd" tests="4" skipped="4" failures="0" errors="0" time="0.046">
    <testcase time="0.0129999999999999" classname="shinytest2_tm_file_viewer" name="e2e_tm_file_viewer_Initializes_without_errors_and_shows_files_tree_specified_in_input_path_argument">
      <skipped message="Reason: testing depth 4 is below current testing specification 5 ('test-shinytest2-tm_file_viewer.R:18:3')"/>
    </testcase>
    <testcase time="0.0110000000000001" classname="shinytest2_tm_file_viewer" name="e2e_tm_file_viewer_Shows_selected_image_file">
      <skipped message="Reason: testing depth 4 is below current testing specification 5 ('test-shinytest2-tm_file_viewer.R:43:3')"/>
    </testcase>
    <testcase time="0.0110000000000001" classname="shinytest2_tm_file_viewer" name="e2e_tm_file_viewer_Shows_selected_text_file">
      <skipped message="Reason: testing depth 4 is below current testing specification 5 ('test-shinytest2-tm_file_viewer.R:59:3')"/>
    </testcase>
    <testcase time="0.0110000000000001" classname="shinytest2_tm_file_viewer" name="e2e_tm_file_viewer_Shows_selected_url">
      <skipped message="Reason: testing depth 4 is below current testing specification 5 ('test-shinytest2-tm_file_viewer.R:81:3')"/>
    </testcase>
  </testsuite>
  <testsuite name="shinytest2-tm_front_page" timestamp="2024-05-15T10:39:53Z" hostname="8490955cf3cd" tests="9" skipped="0" failures="0" errors="0" time="12.7">
    <testcase time="4.276" classname="shinytest2_tm_front_page" name="e2e_tm_front_page_Initializes_without_errors_and_check_html_elements"/>
    <testcase time="0.00499999999999989" classname="shinytest2_tm_front_page" name="e2e_tm_front_page_Initializes_without_errors_and_check_html_elements"/>
    <testcase time="0.00800000000000001" classname="shinytest2_tm_front_page" name="e2e_tm_front_page_Initializes_without_errors_and_check_html_elements"/>
    <testcase time="0.00700000000000056" classname="shinytest2_tm_front_page" name="e2e_tm_front_page_Initializes_without_errors_and_check_html_elements"/>
    <testcase time="3.673" classname="shinytest2_tm_front_page" name="e2e_tm_front_page_Verify_the_module_displays_tables"/>
    <testcase time="0.00900000000000034" classname="shinytest2_tm_front_page" name="e2e_tm_front_page_Verify_the_module_displays_tables"/>
    <testcase time="0.0989999999999984" classname="shinytest2_tm_front_page" name="e2e_tm_front_page_Verify_the_module_displays_tables"/>
    <testcase time="0.00900000000000034" classname="shinytest2_tm_front_page" name="e2e_tm_front_page_Verify_the_module_displays_tables"/>
    <testcase time="4.614" classname="shinytest2_tm_front_page" name="e2e_tm_front_page_Verify_the_module_displays_metadata"/>
  </testsuite>
  <testsuite name="shinytest2-tm_g_association" timestamp="2024-05-15T10:40:05Z" hostname="8490955cf3cd" tests="4" skipped="4" failures="0" errors="0" time="0.094">
    <testcase time="0.0609999999999999" classname="shinytest2_tm_g_association" name="e2e_tm_g_association_Data_parameter_and_module_label_is_passed_properly.">
      <skipped message="Reason: testing depth 4 is below current testing specification 5 ('test-shinytest2-tm_g_association.R:49:3')"/>
    </testcase>
    <testcase time="0.0109999999999992" classname="shinytest2_tm_g_association" name="e2e_tm_g_association_Data_extract_spec_elements_are_initialized_with_the_default_values_specified_by_ref_and_vars_arguments.">
      <skipped message="Reason: testing depth 4 is below current testing specification 5 ('test-shinytest2-tm_g_association.R:67:3')"/>
    </testcase>
    <testcase time="0.011000000000001" classname="shinytest2_tm_g_association" name="e2e_tm_g_association_Module_plot_is_visible.">
      <skipped message="Reason: testing depth 4 is below current testing specification 5 ('test-shinytest2-tm_g_association.R:88:3')"/>
    </testcase>
    <testcase time="0.0109999999999992" classname="shinytest2_tm_g_association" name="e2e_tm_g_association_Check_and_set_default_values_for_radio_buttons.">
      <skipped message="Reason: testing depth 4 is below current testing specification 5 ('test-shinytest2-tm_g_association.R:97:3')"/>
    </testcase>
  </testsuite>
  <testsuite name="shinytest2-tm_g_bivariate" timestamp="2024-05-15T10:40:06Z" hostname="8490955cf3cd" tests="4" skipped="4" failures="0" errors="0" time="0.05">
    <testcase time="0.0129999999999999" classname="shinytest2_tm_g_bivariate" name="e2e_tm_g_bivariate_Module_is_initialised_with_the_specified_defaults.">
      <skipped message="Reason: testing depth 4 is below current testing specification 5 ('test-shinytest2-tm_g_bivariate.R:89:3')"/>
    </testcase>
    <testcase time="0.011000000000001" classname="shinytest2_tm_g_bivariate" name="e2e_tm_g_bivariate_Coloring_options_are_hidden_when_coloring_is_toggled_off.">
      <skipped message="Reason: testing depth 4 is below current testing specification 5 ('test-shinytest2-tm_g_bivariate.R:117:3')"/>
    </testcase>
    <testcase time="0.0109999999999992" classname="shinytest2_tm_g_bivariate" name="e2e_tm_g_bivariate_Facetting_options_are_hidden_when_facet_is_toggled_off.">
      <skipped message="Reason: testing depth 4 is below current testing specification 5 ('test-shinytest2-tm_g_bivariate.R:158:3')"/>
    </testcase>
    <testcase time="0.0150000000000006" classname="shinytest2_tm_g_bivariate" name="e2e_tm_g_bivariate_Setting_encoding_inputs_produces_outputs_without_validation_errors.">
      <skipped message="Reason: testing depth 4 is below current testing specification 5 ('test-shinytest2-tm_g_bivariate.R:194:3')"/>
    </testcase>
  </testsuite>
  <testsuite name="shinytest2-tm_g_distribution" timestamp="2024-05-15T10:40:06Z" hostname="8490955cf3cd" tests="3" skipped="3" failures="0" errors="0" time="0.034">
    <testcase time="0.0129999999999999" classname="shinytest2_tm_g_distribution" name="e2e_tm_g_distribution_Module_is_initialised_with_the_specified_defaults.">
      <skipped message="Reason: testing depth 4 is below current testing specification 5 ('test-shinytest2-tm_g_distribution.R:51:3')"/>
    </testcase>
    <testcase time="0.0109999999999992" classname="shinytest2_tm_g_distribution" name="e2e_tm_g_distribution_Histogram_encoding_inputs_produce_output_without_validation_errors.">
      <skipped message="Reason: testing depth 4 is below current testing specification 5 ('test-shinytest2-tm_g_distribution.R:75:3')"/>
    </testcase>
    <testcase time="0.00999999999999979" classname="shinytest2_tm_g_distribution" name="e2e_tm_g_distribution_QQ_plot_encoding_inputs_produce_output_without_validation_errors.">
      <skipped message="Reason: testing depth 4 is below current testing specification 5 ('test-shinytest2-tm_g_distribution.R:112:3')"/>
    </testcase>
  </testsuite>
  <testsuite name="shinytest2-tm_g_response" timestamp="2024-05-15T10:40:06Z" hostname="8490955cf3cd" tests="4" skipped="4" failures="0" errors="0" time="0.045">
    <testcase time="0.0130000000000017" classname="shinytest2_tm_g_response" name="e2e_tm_g_response_module_is_initialised_with_the_specified_defaults.">
      <skipped message="Reason: testing depth 4 is below current testing specification 5 ('test-shinytest2-tm_g_response.R:44:3')"/>
    </testcase>
    <testcase time="0.0109999999999992" classname="shinytest2_tm_g_response" name="e2e_tm_g_response_encoding_inputs_produce_output_without_validation_errors.">
      <skipped message="Reason: testing depth 4 is below current testing specification 5 ('test-shinytest2-tm_g_response.R:62:3')"/>
    </testcase>
    <testcase time="0.00999999999999979" classname="shinytest2_tm_g_response" name="e2e_tm_g_response_deselecting_response_produces_validation_error.">
      <skipped message="Reason: testing depth 4 is below current testing specification 5 ('test-shinytest2-tm_g_response.R:92:3')"/>
    </testcase>
    <testcase time="0.011000000000001" classname="shinytest2_tm_g_response" name="e2e_tm_g_response_deselecting_x_produces_validation_error.">
      <skipped message="Reason: testing depth 4 is below current testing specification 5 ('test-shinytest2-tm_g_response.R:103:3')"/>
    </testcase>
  </testsuite>
  <testsuite name="shinytest2-tm_g_scatterplot" timestamp="2024-05-15T10:40:06Z" hostname="8490955cf3cd" tests="5" skipped="5" failures="0" errors="0" time="0.063">
    <testcase time="0.0139999999999993" classname="shinytest2_tm_g_scatterplot" name="e2e_tm_g_scatterplot_Module_is_initialised_with_the_specified_defaults.">
      <skipped message="Reason: testing depth 4 is below current testing specification 5 ('test-shinytest2-tm_g_scatterplot.R:88:3')"/>
    </testcase>
    <testcase time="0.0109999999999992" classname="shinytest2_tm_g_scatterplot" name="e2e_tm_g_scatterplot_Base_for_the_log_transformation_can_be_applied.">
      <skipped message="Reason: testing depth 4 is below current testing specification 5 ('test-shinytest2-tm_g_scatterplot.R:114:3')"/>
    </testcase>
    <testcase time="0.011000000000001" classname="shinytest2_tm_g_scatterplot" name="e2e_tm_g_scatterplot_The_log_transform_is_only_possible_for_positive_numeric_vars.">
      <skipped message="Reason: testing depth 4 is below current testing specification 5 ('test-shinytest2-tm_g_scatterplot.R:134:3')"/>
    </testcase>
    <testcase time="0.0109999999999992" classname="shinytest2_tm_g_scatterplot" name="e2e_tm_g_scatterplot_Get_validation_error_when_facetting_with_the_same_row_col_variable.">
      <skipped message="Reason: testing depth 4 is below current testing specification 5 ('test-shinytest2-tm_g_scatterplot.R:153:3')"/>
    </testcase>
    <testcase time="0.016" classname="shinytest2_tm_g_scatterplot" name="e2e_tm_g_scatterplot_The_encoding_inputs_produce_output_without_validation_errors.">
      <skipped message="Reason: testing depth 4 is below current testing specification 5 ('test-shinytest2-tm_g_scatterplot.R:165:3')"/>
    </testcase>
  </testsuite>
  <testsuite name="shinytest2-tm_g_scatterplotmatrix" timestamp="2024-05-15T10:40:06Z" hostname="8490955cf3cd" tests="4" skipped="4" failures="0" errors="0" time="0.046">
    <testcase time="0.0129999999999999" classname="shinytest2_tm_g_scatterplotmatrix" name="e2e_tm_g_scatterplotmatrix_Initializes_without_errors">
      <skipped message="Reason: testing depth 4 is below current testing specification 5 ('test-shinytest2-tm_g_scatterplotmatrix.R:48:3')"/>
    </testcase>
    <testcase time="0.011000000000001" classname="shinytest2_tm_g_scatterplotmatrix" name="e2e_tm_g_scatterplotmatrix_Verify_module_displays_data_table">
      <skipped message="Reason: testing depth 4 is below current testing specification 5 ('test-shinytest2-tm_g_scatterplotmatrix.R:65:3')"/>
    </testcase>
    <testcase time="0.0109999999999992" classname="shinytest2_tm_g_scatterplotmatrix" name="e2e_tm_g_scatterplotmatrix_Verify_default_values_and_settings_data_extracts_for_data_selection">
      <skipped message="Reason: testing depth 4 is below current testing specification 5 ('test-shinytest2-tm_g_scatterplotmatrix.R:75:3')"/>
    </testcase>
    <testcase time="0.011000000000001" classname="shinytest2_tm_g_scatterplotmatrix" name="e2e_tm_g_scatterplotmatrix_Change_plot_settings">
      <skipped message="Reason: testing depth 4 is below current testing specification 5 ('test-shinytest2-tm_g_scatterplotmatrix.R:102:3')"/>
    </testcase>
  </testsuite>
  <testsuite name="shinytest2-tm_misssing_data" timestamp="2024-05-15T10:40:06Z" hostname="8490955cf3cd" tests="10" skipped="0" failures="0" errors="5" time="509.443">
    <testcase time="0.0719999999999992" classname="shinytest2_tm_misssing_data" name="e2e_tm_missing_data_Initializes_without_errors"/>
    <testcase time="101.794" classname="shinytest2_tm_misssing_data" name="e2e_tm_missing_data_Initializes_without_errors">
      <error type="error" message="Error in `app_initialize(self, private, app_dir = app_dir, ..., load_timeout = load_timeout,  ('test-shinytest2-tm_misssing_data.R:41:3')">Error in `app_initialize(self, private, app_dir = app_dir, ..., load_timeout = load_timeout, 
    timeout = timeout, wait = wait, expect_values_screenshot_args = expect_values_screenshot_args, 
    screenshot_args = screenshot_args, check_names = check_names, 
    name = name, variant = variant, view = view, height = height, 
    width = width, seed = seed, clean_logs = clean_logs, shiny_args = shiny_args, 
    render_args = render_args, options = options)`: Shiny app did not become stable in 1e+05ms.
Message: An error occurred while waiting for Shiny to be stable
Caused by error in `app_wait_for_idle()`:
! An error occurred while waiting for Shiny to be stable


i You can inspect the failed AppDriver object via `rlang::last_error()$app`
i AppDriver logs:
{shinytest2} R  info   10:40:06.47 Start AppDriver initialization
{shinytest2} R  info   10:40:06.49 Starting Shiny app
{shinytest2} R  info   10:40:07.71 Creating new ChromoteSession
{shinytest2} R  info   10:40:07.75 Navigating to Shiny app
{shinytest2} R  info   10:40:07.82 Injecting shiny-tracer.js
{chromote}   JS info   10:40:07.83 shinytest2; jQuery not found
{chromote}   JS info   10:40:07.83 shinytest2; Loaded
{shinytest2} R  info   10:40:07.83 Waiting for Shiny to become ready
{chromote}   JS info   10:40:07.93 shinytest2; jQuery found
{chromote}   JS info   10:40:07.93 shinytest2; Waiting for shiny session to connect
{chromote}   JS info   10:40:07.99 shinytest2; Connected
{chromote}   JS info   10:40:08.02 shinytest2; shiny:busy
{shinytest2} R  info   10:40:08.05 Waiting for Shiny to become idle for 200ms within 1e+05ms
{chromote}   JS info   10:40:08.05 shinytest2; Waiting for Shiny to be stable
{shinytest2} R  info   10:41:48.06 Error while initializing AppDriver:
                                   Shiny app did not become stable in 1e+05ms.
                                   Message: An error occurred while waiting for Shiny to be stable
                                   Caused by error in `app_wait_for_idle()`:
                                   ! An error occurred while waiting for Shiny to be stable
{shiny}      R  stderr ----------- Loading required package: shiny
{shiny}      R  stderr ----------- Attempting to load the environment 'package:nestcolor'
{shiny}      R  stderr ----------- Loading required package: ggmosaic
{shiny}      R  stderr ----------- Loading required package: ggplot2
{shiny}      R  stderr ----------- Loading required package: teal
{shiny}      R  stderr ----------- Loading required package: teal.data
{shiny}      R  stderr ----------- Loading required package: teal.code
{shiny}      R  stderr ----------- Loading required package: teal.slice
{shiny}      R  stderr ----------- 
{shiny}      R  stderr ----------- You are using teal version 0.15.2.9036
{shiny}      R  stderr ----------- 
{shiny}      R  stderr ----------- Attaching package: 'teal'
{shiny}      R  stderr ----------- 
{shiny}      R  stderr ----------- The following objects are masked from 'package:teal.slice':
{shiny}      R  stderr ----------- 
{shiny}      R  stderr -----------     as.teal_slices, teal_slices
{shiny}      R  stderr ----------- 
{shiny}      R  stderr ----------- Loading required package: teal.transform
{shiny}      R  stderr ----------- Running application in test mode.
{shiny}      R  stderr ----------- 
{shiny}      R  stderr ----------- Listening on http://127.0.0.1:4499
{shiny}      R  stderr ----------- Initializing reporter_previewer_module
{shiny}      R  stderr ----------- Warning: Error in if: the condition has length &gt; 1
{shiny}      R  stderr -----------   14: &lt;Anonymous&gt;
{shiny}      R  stderr -----------   12: &lt;Anonymous&gt;
{shiny}      R  stderr -----------   11: &lt;Anonymous&gt;
{shiny}      R  stderr -----------   10: base::do.call
{shiny}      R  stderr -----------    9: base::saveRDS
{shiny}      R  stderr -----------    8: base::withCallingHandlers
{shiny}      R  stderr -----------    7: doTryCatch
{shiny}      R  stderr -----------    6: tryCatchOne
{shiny}      R  stderr -----------    5: tryCatchList
{shiny}      R  stderr -----------    2: tryCatchList
{shiny}      R  stderr -----------    1: base::tryCatch


Caused by error in `app_initialize_()`:
! Shiny app did not become stable in 1e+05ms.
Message: An error occurred while waiting for Shiny to be stable
Caused by error in `app_wait_for_idle()`:
! An error occurred while waiting for Shiny to be stable
Backtrace:
     x
  1. +-teal.modules.general (local) app_driver_tm_missing_data() at test-shinytest2-tm_misssing_data.R:41:3
  2. | \-teal.modules.general:::init_teal_app_driver(...) at test-shinytest2-tm_misssing_data.R:17:3
  3. |   +-testthat::with_mocked_bindings(...) at tests/testthat/helper-TealAppDriver.R:7:3
  4. |   \-TealAppDriver$new(...) at tests/testthat/helper-TealAppDriver.R:10:7
  5. |     \-teal (local) initialize(...)
  6. |       +-base::suppressWarnings(...)
  7. |       | \-base::withCallingHandlers(...)
  8. |       \-super$initialize(...)
  9. |         \-shinytest2:::app_initialize(...)
 10. |           +-base::withCallingHandlers(...)
 11. |           \-shinytest2:::app_initialize_(self, private, ..., view = view)
 12. |             +-base::withCallingHandlers(...)
 13. |             \-self$wait_for_idle(duration = 200, timeout = private$load_timeout)
 14. |               \-shinytest2:::app_wait_for_idle(...)
 15. |                 \-shinytest2:::app_abort(self, private, "An error occurred while waiting for Shiny to be stable")
 16. |                   \-rlang::abort(..., app = self, call = call)
 17. |                     \-rlang:::signal_abort(cnd, .file)
 18. |                       \-base::signalCondition(cnd)
 19. +-shinytest2 (local) `&lt;fn&gt;`(`&lt;rlng_rrr&gt;`)
 20. | \-shinytest2:::app_abort(...)
 21. |   \-rlang::abort(..., app = self, call = call)
 22. |     \-rlang:::signal_abort(cnd, .file)
 23. |       \-base::signalCondition(cnd)
 24. \-shinytest2 (local) `&lt;fn&gt;`(`&lt;rlng_rrr&gt;`)
 25.   \-shinytest2:::app_abort(...)
 26.     \-rlang::abort(..., app = self, call = call)</error>
    </testcase>
    <testcase time="0.119" classname="shinytest2_tm_misssing_data" name="e2e_tm_missing_data_Default_settings_and_visibility_of_the_summary_graph"/>
    <testcase time="101.777" classname="shinytest2_tm_misssing_data" name="e2e_tm_missing_data_Default_settings_and_visibility_of_the_summary_graph">
      <error type="error" message="Error in `app_initialize(self, private, app_dir = app_dir, ..., load_timeout = load_timeout,  ('test-shinytest2-tm_misssing_data.R:62:3')">Error in `app_initialize(self, private, app_dir = app_dir, ..., load_timeout = load_timeout, 
    timeout = timeout, wait = wait, expect_values_screenshot_args = expect_values_screenshot_args, 
    screenshot_args = screenshot_args, check_names = check_names, 
    name = name, variant = variant, view = view, height = height, 
    width = width, seed = seed, clean_logs = clean_logs, shiny_args = shiny_args, 
    render_args = render_args, options = options)`: Shiny app did not become stable in 1e+05ms.
Message: An error occurred while waiting for Shiny to be stable
Caused by error in `app_wait_for_idle()`:
! An error occurred while waiting for Shiny to be stable


i You can inspect the failed AppDriver object via `rlang::last_error()$app`
i AppDriver logs:
{shinytest2} R  info   10:41:48.38 Start AppDriver initialization
{shinytest2} R  info   10:41:48.39 Starting Shiny app
{shinytest2} R  info   10:41:49.62 Creating new ChromoteSession
{shinytest2} R  info   10:41:49.65 Navigating to Shiny app
{shinytest2} R  info   10:41:49.72 Injecting shiny-tracer.js
{chromote}   JS info   10:41:49.73 shinytest2; jQuery not found
{chromote}   JS info   10:41:49.73 shinytest2; Loaded
{shinytest2} R  info   10:41:49.73 Waiting for Shiny to become ready
{chromote}   JS info   10:41:49.83 shinytest2; jQuery found
{chromote}   JS info   10:41:49.83 shinytest2; Waiting for shiny session to connect
{chromote}   JS info   10:41:49.89 shinytest2; Connected
{chromote}   JS info   10:41:49.93 shinytest2; shiny:busy
{shinytest2} R  info   10:41:49.95 Waiting for Shiny to become idle for 200ms within 1e+05ms
{chromote}   JS info   10:41:49.95 shinytest2; Waiting for Shiny to be stable
{shinytest2} R  info   10:43:29.96 Error while initializing AppDriver:
                                   Shiny app did not become stable in 1e+05ms.
                                   Message: An error occurred while waiting for Shiny to be stable
                                   Caused by error in `app_wait_for_idle()`:
                                   ! An error occurred while waiting for Shiny to be stable
{shiny}      R  stderr ----------- Loading required package: shiny
{shiny}      R  stderr ----------- Attempting to load the environment 'package:nestcolor'
{shiny}      R  stderr ----------- Loading required package: ggmosaic
{shiny}      R  stderr ----------- Loading required package: ggplot2
{shiny}      R  stderr ----------- Loading required package: teal
{shiny}      R  stderr ----------- Loading required package: teal.data
{shiny}      R  stderr ----------- Loading required package: teal.code
{shiny}      R  stderr ----------- Loading required package: teal.slice
{shiny}      R  stderr ----------- 
{shiny}      R  stderr ----------- You are using teal version 0.15.2.9036
{shiny}      R  stderr ----------- 
{shiny}      R  stderr ----------- Attaching package: 'teal'
{shiny}      R  stderr ----------- 
{shiny}      R  stderr ----------- The following objects are masked from 'package:teal.slice':
{shiny}      R  stderr ----------- 
{shiny}      R  stderr -----------     as.teal_slices, teal_slices
{shiny}      R  stderr ----------- 
{shiny}      R  stderr ----------- Loading required package: teal.transform
{shiny}      R  stderr ----------- Running application in test mode.
{shiny}      R  stderr ----------- createTcpServer: address already in use
{shiny}      R  stderr ----------- 
{shiny}      R  stderr ----------- Listening on http://127.0.0.1:3545
{shiny}      R  stderr ----------- Initializing reporter_previewer_module
{shiny}      R  stderr ----------- Warning: Error in if: the condition has length &gt; 1
{shiny}      R  stderr -----------   14: &lt;Anonymous&gt;
{shiny}      R  stderr -----------   12: &lt;Anonymous&gt;
{shiny}      R  stderr -----------   11: &lt;Anonymous&gt;
{shiny}      R  stderr -----------   10: base::do.call
{shiny}      R  stderr -----------    9: base::saveRDS
{shiny}      R  stderr -----------    8: base::withCallingHandlers
{shiny}      R  stderr -----------    7: doTryCatch
{shiny}      R  stderr -----------    6: tryCatchOne
{shiny}      R  stderr -----------    5: tryCatchList
{shiny}      R  stderr -----------    2: tryCatchList
{shiny}      R  stderr -----------    1: base::tryCatch


Caused by error in `app_initialize_()`:
! Shiny app did not become stable in 1e+05ms.
Message: An error occurred while waiting for Shiny to be stable
Caused by error in `app_wait_for_idle()`:
! An error occurred while waiting for Shiny to be stable
Backtrace:
     x
  1. +-teal.modules.general (local) app_driver_tm_missing_data() at test-shinytest2-tm_misssing_data.R:62:3
  2. | \-teal.modules.general:::init_teal_app_driver(...) at test-shinytest2-tm_misssing_data.R:17:3
  3. |   +-testthat::with_mocked_bindings(...) at tests/testthat/helper-TealAppDriver.R:7:3
  4. |   \-TealAppDriver$new(...) at tests/testthat/helper-TealAppDriver.R:10:7
  5. |     \-teal (local) initialize(...)
  6. |       +-base::suppressWarnings(...)
  7. |       | \-base::withCallingHandlers(...)
  8. |       \-super$initialize(...)
  9. |         \-shinytest2:::app_initialize(...)
 10. |           +-base::withCallingHandlers(...)
 11. |           \-shinytest2:::app_initialize_(self, private, ..., view = view)
 12. |             +-base::withCallingHandlers(...)
 13. |             \-self$wait_for_idle(duration = 200, timeout = private$load_timeout)
 14. |               \-shinytest2:::app_wait_for_idle(...)
 15. |                 \-shinytest2:::app_abort(self, private, "An error occurred while waiting for Shiny to be stable")
 16. |                   \-rlang::abort(..., app = self, call = call)
 17. |                     \-rlang:::signal_abort(cnd, .file)
 18. |                       \-base::signalCondition(cnd)
 19. +-shinytest2 (local) `&lt;fn&gt;`(`&lt;rlng_rrr&gt;`)
 20. | \-shinytest2:::app_abort(...)
 21. |   \-rlang::abort(..., app = self, call = call)
 22. |     \-rlang:::signal_abort(cnd, .file)
 23. |       \-base::signalCondition(cnd)
 24. \-shinytest2 (local) `&lt;fn&gt;`(`&lt;rlng_rrr&gt;`)
 25.   \-shinytest2:::app_abort(...)
 26.     \-rlang::abort(..., app = self, call = call)</error>
    </testcase>
    <testcase time="0.0989999999999895" classname="shinytest2_tm_misssing_data" name="e2e_tm_missing_data_Check_default_settings_and_visibility_of_the_combinations_graph_and_encodings"/>
    <testcase time="101.777" classname="shinytest2_tm_misssing_data" name="e2e_tm_missing_data_Check_default_settings_and_visibility_of_the_combinations_graph_and_encodings">
      <error type="error" message="Error in `app_initialize(self, private, app_dir = app_dir, ..., load_timeout = load_timeout,  ('test-shinytest2-tm_misssing_data.R:91:3')">Error in `app_initialize(self, private, app_dir = app_dir, ..., load_timeout = load_timeout, 
    timeout = timeout, wait = wait, expect_values_screenshot_args = expect_values_screenshot_args, 
    screenshot_args = screenshot_args, check_names = check_names, 
    name = name, variant = variant, view = view, height = height, 
    width = width, seed = seed, clean_logs = clean_logs, shiny_args = shiny_args, 
    render_args = render_args, options = options)`: Shiny app did not become stable in 1e+05ms.
Message: An error occurred while waiting for Shiny to be stable
Caused by error in `app_wait_for_idle()`:
! An error occurred while waiting for Shiny to be stable


i You can inspect the failed AppDriver object via `rlang::last_error()$app`
i AppDriver logs:
{shinytest2} R  info   10:43:30.25 Start AppDriver initialization
{shinytest2} R  info   10:43:30.27 Starting Shiny app
{shinytest2} R  info   10:43:31.49 Creating new ChromoteSession
{shinytest2} R  info   10:43:31.53 Navigating to Shiny app
{shinytest2} R  info   10:43:31.60 Injecting shiny-tracer.js
{chromote}   JS info   10:43:31.61 shinytest2; jQuery not found
{chromote}   JS info   10:43:31.61 shinytest2; Loaded
{shinytest2} R  info   10:43:31.61 Waiting for Shiny to become ready
{chromote}   JS info   10:43:31.70 shinytest2; jQuery found
{chromote}   JS info   10:43:31.70 shinytest2; Waiting for shiny session to connect
{chromote}   JS info   10:43:31.76 shinytest2; Connected
{chromote}   JS info   10:43:31.80 shinytest2; shiny:busy
{shinytest2} R  info   10:43:31.82 Waiting for Shiny to become idle for 200ms within 1e+05ms
{chromote}   JS info   10:43:31.82 shinytest2; Waiting for Shiny to be stable
{shinytest2} R  info   10:45:11.84 Error while initializing AppDriver:
                                   Shiny app did not become stable in 1e+05ms.
                                   Message: An error occurred while waiting for Shiny to be stable
                                   Caused by error in `app_wait_for_idle()`:
                                   ! An error occurred while waiting for Shiny to be stable
{shiny}      R  stderr ----------- Loading required package: shiny
{shiny}      R  stderr ----------- Attempting to load the environment 'package:nestcolor'
{shiny}      R  stderr ----------- Loading required package: ggmosaic
{shiny}      R  stderr ----------- Loading required package: ggplot2
{shiny}      R  stderr ----------- Loading required package: teal
{shiny}      R  stderr ----------- Loading required package: teal.data
{shiny}      R  stderr ----------- Loading required package: teal.code
{shiny}      R  stderr ----------- Loading required package: teal.slice
{shiny}      R  stderr ----------- 
{shiny}      R  stderr ----------- You are using teal version 0.15.2.9036
{shiny}      R  stderr ----------- 
{shiny}      R  stderr ----------- Attaching package: 'teal'
{shiny}      R  stderr ----------- 
{shiny}      R  stderr ----------- The following objects are masked from 'package:teal.slice':
{shiny}      R  stderr ----------- 
{shiny}      R  stderr -----------     as.teal_slices, teal_slices
{shiny}      R  stderr ----------- 
{shiny}      R  stderr ----------- Loading required package: teal.transform
{shiny}      R  stderr ----------- Running application in test mode.
{shiny}      R  stderr ----------- createTcpServer: address already in use
{shiny}      R  stderr ----------- createTcpServer: address already in use
{shiny}      R  stderr ----------- 
{shiny}      R  stderr ----------- Listening on http://127.0.0.1:4159
{shiny}      R  stderr ----------- Initializing reporter_previewer_module
{shiny}      R  stderr ----------- Warning: Error in if: the condition has length &gt; 1
{shiny}      R  stderr -----------   14: &lt;Anonymous&gt;
{shiny}      R  stderr -----------   12: &lt;Anonymous&gt;
{shiny}      R  stderr -----------   11: &lt;Anonymous&gt;
{shiny}      R  stderr -----------   10: base::do.call
{shiny}      R  stderr -----------    9: base::saveRDS
{shiny}      R  stderr -----------    8: base::withCallingHandlers
{shiny}      R  stderr -----------    7: doTryCatch
{shiny}      R  stderr -----------    6: tryCatchOne
{shiny}      R  stderr -----------    5: tryCatchList
{shiny}      R  stderr -----------    2: tryCatchList
{shiny}      R  stderr -----------    1: base::tryCatch


Caused by error in `app_initialize_()`:
! Shiny app did not become stable in 1e+05ms.
Message: An error occurred while waiting for Shiny to be stable
Caused by error in `app_wait_for_idle()`:
! An error occurred while waiting for Shiny to be stable
Backtrace:
     x
  1. +-teal.modules.general (local) app_driver_tm_missing_data() at test-shinytest2-tm_misssing_data.R:91:3
  2. | \-teal.modules.general:::init_teal_app_driver(...) at test-shinytest2-tm_misssing_data.R:17:3
  3. |   +-testthat::with_mocked_bindings(...) at tests/testthat/helper-TealAppDriver.R:7:3
  4. |   \-TealAppDriver$new(...) at tests/testthat/helper-TealAppDriver.R:10:7
  5. |     \-teal (local) initialize(...)
  6. |       +-base::suppressWarnings(...)
  7. |       | \-base::withCallingHandlers(...)
  8. |       \-super$initialize(...)
  9. |         \-shinytest2:::app_initialize(...)
 10. |           +-base::withCallingHandlers(...)
 11. |           \-shinytest2:::app_initialize_(self, private, ..., view = view)
 12. |             +-base::withCallingHandlers(...)
 13. |             \-self$wait_for_idle(duration = 200, timeout = private$load_timeout)
 14. |               \-shinytest2:::app_wait_for_idle(...)
 15. |                 \-shinytest2:::app_abort(self, private, "An error occurred while waiting for Shiny to be stable")
 16. |                   \-rlang::abort(..., app = self, call = call)
 17. |                     \-rlang:::signal_abort(cnd, .file)
 18. |                       \-base::signalCondition(cnd)
 19. +-shinytest2 (local) `&lt;fn&gt;`(`&lt;rlng_rrr&gt;`)
 20. | \-shinytest2:::app_abort(...)
 21. |   \-rlang::abort(..., app = self, call = call)
 22. |     \-rlang:::signal_abort(cnd, .file)
 23. |       \-base::signalCondition(cnd)
 24. \-shinytest2 (local) `&lt;fn&gt;`(`&lt;rlng_rrr&gt;`)
 25.   \-shinytest2:::app_abort(...)
 26.     \-rlang::abort(..., app = self, call = call)</error>
    </testcase>
    <testcase time="0.0919999999999845" classname="shinytest2_tm_misssing_data" name="e2e_tm_missing_data_Validate_functionality_and_UI_response_for_By_Variable_Levels_"/>
    <testcase time="101.778" classname="shinytest2_tm_misssing_data" name="e2e_tm_missing_data_Validate_functionality_and_UI_response_for_By_Variable_Levels_">
      <error type="error" message="Error in `app_initialize(self, private, app_dir = app_dir, ..., load_timeout = load_timeout,  ('test-shinytest2-tm_misssing_data.R:122:3')">Error in `app_initialize(self, private, app_dir = app_dir, ..., load_timeout = load_timeout, 
    timeout = timeout, wait = wait, expect_values_screenshot_args = expect_values_screenshot_args, 
    screenshot_args = screenshot_args, check_names = check_names, 
    name = name, variant = variant, view = view, height = height, 
    width = width, seed = seed, clean_logs = clean_logs, shiny_args = shiny_args, 
    render_args = render_args, options = options)`: Shiny app did not become stable in 1e+05ms.
Message: An error occurred while waiting for Shiny to be stable
Caused by error in `app_wait_for_idle()`:
! An error occurred while waiting for Shiny to be stable


i You can inspect the failed AppDriver object via `rlang::last_error()$app`
i AppDriver logs:
{shinytest2} R  info   10:45:12.13 Start AppDriver initialization
{shinytest2} R  info   10:45:12.14 Starting Shiny app
{shinytest2} R  info   10:45:13.37 Creating new ChromoteSession
{shinytest2} R  info   10:45:13.40 Navigating to Shiny app
{shinytest2} R  info   10:45:13.47 Injecting shiny-tracer.js
{chromote}   JS info   10:45:13.48 shinytest2; jQuery not found
{chromote}   JS info   10:45:13.48 shinytest2; Loaded
{shinytest2} R  info   10:45:13.48 Waiting for Shiny to become ready
{chromote}   JS info   10:45:13.57 shinytest2; jQuery found
{chromote}   JS info   10:45:13.58 shinytest2; Waiting for shiny session to connect
{chromote}   JS info   10:45:13.65 shinytest2; Connected
{chromote}   JS info   10:45:13.69 shinytest2; shiny:busy
{shinytest2} R  info   10:45:13.69 Waiting for Shiny to become idle for 200ms within 1e+05ms
{chromote}   JS info   10:45:13.69 shinytest2; Waiting for Shiny to be stable
{shinytest2} R  info   10:46:53.71 Error while initializing AppDriver:
                                   Shiny app did not become stable in 1e+05ms.
                                   Message: An error occurred while waiting for Shiny to be stable
                                   Caused by error in `app_wait_for_idle()`:
                                   ! An error occurred while waiting for Shiny to be stable
{shiny}      R  stderr ----------- Loading required package: shiny
{shiny}      R  stderr ----------- Attempting to load the environment 'package:nestcolor'
{shiny}      R  stderr ----------- Loading required package: ggmosaic
{shiny}      R  stderr ----------- Loading required package: ggplot2
{shiny}      R  stderr ----------- Loading required package: teal
{shiny}      R  stderr ----------- Loading required package: teal.data
{shiny}      R  stderr ----------- Loading required package: teal.code
{shiny}      R  stderr ----------- Loading required package: teal.slice
{shiny}      R  stderr ----------- 
{shiny}      R  stderr ----------- You are using teal version 0.15.2.9036
{shiny}      R  stderr ----------- 
{shiny}      R  stderr ----------- Attaching package: 'teal'
{shiny}      R  stderr ----------- 
{shiny}      R  stderr ----------- The following objects are masked from 'package:teal.slice':
{shiny}      R  stderr ----------- 
{shiny}      R  stderr -----------     as.teal_slices, teal_slices
{shiny}      R  stderr ----------- 
{shiny}      R  stderr ----------- Loading required package: teal.transform
{shiny}      R  stderr ----------- Running application in test mode.
{shiny}      R  stderr ----------- createTcpServer: address already in use
{shiny}      R  stderr ----------- createTcpServer: address already in use
{shiny}      R  stderr ----------- createTcpServer: address already in use
{shiny}      R  stderr ----------- 
{shiny}      R  stderr ----------- Listening on http://127.0.0.1:7186
{shiny}      R  stderr ----------- Initializing reporter_previewer_module
{shiny}      R  stderr ----------- Warning: Error in if: the condition has length &gt; 1
{shiny}      R  stderr -----------   14: &lt;Anonymous&gt;
{shiny}      R  stderr -----------   12: &lt;Anonymous&gt;
{shiny}      R  stderr -----------   11: &lt;Anonymous&gt;
{shiny}      R  stderr -----------   10: base::do.call
{shiny}      R  stderr -----------    9: base::saveRDS
{shiny}      R  stderr -----------    8: base::withCallingHandlers
{shiny}      R  stderr -----------    7: doTryCatch
{shiny}      R  stderr -----------    6: tryCatchOne
{shiny}      R  stderr -----------    5: tryCatchList
{shiny}      R  stderr -----------    2: tryCatchList
{shiny}      R  stderr -----------    1: base::tryCatch


Caused by error in `app_initialize_()`:
! Shiny app did not become stable in 1e+05ms.
Message: An error occurred while waiting for Shiny to be stable
Caused by error in `app_wait_for_idle()`:
! An error occurred while waiting for Shiny to be stable
Backtrace:
     x
  1. +-teal.modules.general (local) app_driver_tm_missing_data() at test-shinytest2-tm_misssing_data.R:122:3
  2. | \-teal.modules.general:::init_teal_app_driver(...) at test-shinytest2-tm_misssing_data.R:17:3
  3. |   +-testthat::with_mocked_bindings(...) at tests/testthat/helper-TealAppDriver.R:7:3
  4. |   \-TealAppDriver$new(...) at tests/testthat/helper-TealAppDriver.R:10:7
  5. |     \-teal (local) initialize(...)
  6. |       +-base::suppressWarnings(...)
  7. |       | \-base::withCallingHandlers(...)
  8. |       \-super$initialize(...)
  9. |         \-shinytest2:::app_initialize(...)
 10. |           +-base::withCallingHandlers(...)
 11. |           \-shinytest2:::app_initialize_(self, private, ..., view = view)
 12. |             +-base::withCallingHandlers(...)
 13. |             \-self$wait_for_idle(duration = 200, timeout = private$load_timeout)
 14. |               \-shinytest2:::app_wait_for_idle(...)
 15. |                 \-shinytest2:::app_abort(self, private, "An error occurred while waiting for Shiny to be stable")
 16. |                   \-rlang::abort(..., app = self, call = call)
 17. |                     \-rlang:::signal_abort(cnd, .file)
 18. |                       \-base::signalCondition(cnd)
 19. +-shinytest2 (local) `&lt;fn&gt;`(`&lt;rlng_rrr&gt;`)
 20. | \-shinytest2:::app_abort(...)
 21. |   \-rlang::abort(..., app = self, call = call)
 22. |     \-rlang:::signal_abort(cnd, .file)
 23. |       \-base::signalCondition(cnd)
 24. \-shinytest2 (local) `&lt;fn&gt;`(`&lt;rlng_rrr&gt;`)
 25.   \-shinytest2:::app_abort(...)
 26.     \-rlang::abort(..., app = self, call = call)</error>
    </testcase>
    <testcase time="0.0960000000000036" classname="shinytest2_tm_misssing_data" name="e2e_tm_missing_data_Validate_By_Variable_Levels_table_values"/>
    <testcase time="101.839" classname="shinytest2_tm_misssing_data" name="e2e_tm_missing_data_Validate_By_Variable_Levels_table_values">
      <error type="error" message="Error in `app_initialize(self, private, app_dir = app_dir, ..., load_timeout = load_timeout,  ('test-shinytest2-tm_misssing_data.R:152:3')">Error in `app_initialize(self, private, app_dir = app_dir, ..., load_timeout = load_timeout, 
    timeout = timeout, wait = wait, expect_values_screenshot_args = expect_values_screenshot_args, 
    screenshot_args = screenshot_args, check_names = check_names, 
    name = name, variant = variant, view = view, height = height, 
    width = width, seed = seed, clean_logs = clean_logs, shiny_args = shiny_args, 
    render_args = render_args, options = options)`: Shiny app did not become stable in 1e+05ms.
Message: An error occurred while waiting for Shiny to be stable
Caused by error in `app_wait_for_idle()`:
! An error occurred while waiting for Shiny to be stable


i You can inspect the failed AppDriver object via `rlang::last_error()$app`
i AppDriver logs:
{shinytest2} R  info   10:46:54.00 Start AppDriver initialization
{shinytest2} R  info   10:46:54.02 Starting Shiny app
{shinytest2} R  info   10:46:55.24 Creating new ChromoteSession
{shinytest2} R  info   10:46:55.28 Navigating to Shiny app
{shinytest2} R  info   10:46:55.39 Injecting shiny-tracer.js
{chromote}   JS info   10:46:55.40 shinytest2; jQuery not found
{chromote}   JS info   10:46:55.40 shinytest2; Loaded
{shinytest2} R  info   10:46:55.41 Waiting for Shiny to become ready
{chromote}   JS info   10:46:55.52 shinytest2; jQuery found
{chromote}   JS info   10:46:55.52 shinytest2; Waiting for shiny session to connect
{chromote}   JS info   10:46:55.58 shinytest2; Connected
{shinytest2} R  info   10:46:55.62 Waiting for Shiny to become idle for 200ms within 1e+05ms
{chromote}   JS info   10:46:55.63 shinytest2; shiny:busy
{chromote}   JS info   10:46:55.63 shinytest2; Waiting for Shiny to be stable
{shinytest2} R  info   10:48:35.64 Error while initializing AppDriver:
                                   Shiny app did not become stable in 1e+05ms.
                                   Message: An error occurred while waiting for Shiny to be stable
                                   Caused by error in `app_wait_for_idle()`:
                                   ! An error occurred while waiting for Shiny to be stable
{shiny}      R  stderr ----------- Loading required package: shiny
{shiny}      R  stderr ----------- Attempting to load the environment 'package:nestcolor'
{shiny}      R  stderr ----------- Loading required package: ggmosaic
{shiny}      R  stderr ----------- Loading required package: ggplot2
{shiny}      R  stderr ----------- Loading required package: teal
{shiny}      R  stderr ----------- Loading required package: teal.data
{shiny}      R  stderr ----------- Loading required package: teal.code
{shiny}      R  stderr ----------- Loading required package: teal.slice
{shiny}      R  stderr ----------- 
{shiny}      R  stderr ----------- You are using teal version 0.15.2.9036
{shiny}      R  stderr ----------- 
{shiny}      R  stderr ----------- Attaching package: 'teal'
{shiny}      R  stderr ----------- 
{shiny}      R  stderr ----------- The following objects are masked from 'package:teal.slice':
{shiny}      R  stderr ----------- 
{shiny}      R  stderr -----------     as.teal_slices, teal_slices
{shiny}      R  stderr ----------- 
{shiny}      R  stderr ----------- Loading required package: teal.transform
{shiny}      R  stderr ----------- Running application in test mode.
{shiny}      R  stderr ----------- createTcpServer: address already in use
{shiny}      R  stderr ----------- createTcpServer: address already in use
{shiny}      R  stderr ----------- createTcpServer: address already in use
{shiny}      R  stderr ----------- createTcpServer: address already in use
{shiny}      R  stderr ----------- 
{shiny}      R  stderr ----------- Listening on http://127.0.0.1:3081
{shiny}      R  stderr ----------- Initializing reporter_previewer_module
{shiny}      R  stderr ----------- Warning: Error in if: the condition has length &gt; 1
{shiny}      R  stderr -----------   14: &lt;Anonymous&gt;
{shiny}      R  stderr -----------   12: &lt;Anonymous&gt;
{shiny}      R  stderr -----------   11: &lt;Anonymous&gt;
{shiny}      R  stderr -----------   10: base::do.call
{shiny}      R  stderr -----------    9: base::saveRDS
{shiny}      R  stderr -----------    8: base::withCallingHandlers
{shiny}      R  stderr -----------    7: doTryCatch
{shiny}      R  stderr -----------    6: tryCatchOne
{shiny}      R  stderr -----------    5: tryCatchList
{shiny}      R  stderr -----------    2: tryCatchList
{shiny}      R  stderr -----------    1: base::tryCatch


Caused by error in `app_initialize_()`:
! Shiny app did not become stable in 1e+05ms.
Message: An error occurred while waiting for Shiny to be stable
Caused by error in `app_wait_for_idle()`:
! An error occurred while waiting for Shiny to be stable
Backtrace:
     x
  1. +-teal.modules.general (local) app_driver_tm_missing_data() at test-shinytest2-tm_misssing_data.R:152:3
  2. | \-teal.modules.general:::init_teal_app_driver(...) at test-shinytest2-tm_misssing_data.R:17:3
  3. |   +-testthat::with_mocked_bindings(...) at tests/testthat/helper-TealAppDriver.R:7:3
  4. |   \-TealAppDriver$new(...) at tests/testthat/helper-TealAppDriver.R:10:7
  5. |     \-teal (local) initialize(...)
  6. |       +-base::suppressWarnings(...)
  7. |       | \-base::withCallingHandlers(...)
  8. |       \-super$initialize(...)
  9. |         \-shinytest2:::app_initialize(...)
 10. |           +-base::withCallingHandlers(...)
 11. |           \-shinytest2:::app_initialize_(self, private, ..., view = view)
 12. |             +-base::withCallingHandlers(...)
 13. |             \-self$wait_for_idle(duration = 200, timeout = private$load_timeout)
 14. |               \-shinytest2:::app_wait_for_idle(...)
 15. |                 \-shinytest2:::app_abort(self, private, "An error occurred while waiting for Shiny to be stable")
 16. |                   \-rlang::abort(..., app = self, call = call)
 17. |                     \-rlang:::signal_abort(cnd, .file)
 18. |                       \-base::signalCondition(cnd)
 19. +-shinytest2 (local) `&lt;fn&gt;`(`&lt;rlng_rrr&gt;`)
 20. | \-shinytest2:::app_abort(...)
 21. |   \-rlang::abort(..., app = self, call = call)
 22. |     \-rlang:::signal_abort(cnd, .file)
 23. |       \-base::signalCondition(cnd)
 24. \-shinytest2 (local) `&lt;fn&gt;`(`&lt;rlng_rrr&gt;`)
 25.   \-shinytest2:::app_abort(...)
 26.     \-rlang::abort(..., app = self, call = call)</error>
    </testcase>
  </testsuite>
  <testsuite name="shinytest2-tm_outliers" timestamp="2024-05-15T10:48:35Z" hostname="8490955cf3cd" tests="10" skipped="10" failures="0" errors="0" time="0.153">
    <testcase time="0.0500000000000682" classname="shinytest2_tm_outliers" name="e2e_tm_outliers_Data_parameter_and_module_label_is_passed_properly.">
      <skipped message="Reason: testing depth 4 is below current testing specification 5 ('test-shinytest2-tm_outliers.R:53:3')"/>
    </testcase>
    <testcase time="0.0109999999999673" classname="shinytest2_tm_outliers" name="e2e_tm_outliers_Data_extract_spec_elements_are_initialized_with_the_default_values_specified_by_outlier_var_and_categorical_var_argument.">
      <skipped message="Reason: testing depth 4 is below current testing specification 5 ('test-shinytest2-tm_outliers.R:73:3')"/>
    </testcase>
    <testcase time="0.0120000000000573" classname="shinytest2_tm_outliers" name="e2e_tm_outliers_Plot_type_is_correctly_set_by_default_and_has_appropriate_possible_options.">
      <skipped message="Reason: testing depth 4 is below current testing specification 5 ('test-shinytest2-tm_outliers.R:109:3')"/>
    </testcase>
    <testcase time="0.00999999999999091" classname="shinytest2_tm_outliers" name="e2e_tm_outliers_Module_is_divided_into_3_tabs.">
      <skipped message="Reason: testing depth 4 is below current testing specification 5 ('test-shinytest2-tm_outliers.R:126:3')"/>
    </testcase>
    <testcase time="0.0149999999999864" classname="shinytest2_tm_outliers" name="e2e_tm_outliers_Plot_type_is_hidden_when_Boxplot_tab_is_not_selected.">
      <skipped message="Reason: testing depth 4 is below current testing specification 5 ('test-shinytest2-tm_outliers.R:141:3')"/>
    </testcase>
    <testcase time="0.0109999999999673" classname="shinytest2_tm_outliers" name="e2e_tm_outliers_Default_radio_buttons_are_set_properly.">
      <skipped message="Reason: testing depth 4 is below current testing specification 5 ('test-shinytest2-tm_outliers.R:158:3')"/>
    </testcase>
    <testcase time="0.0109999999999673" classname="shinytest2_tm_outliers" name="e2e_tm_outliers_Method_parameters_are_set_properly.">
      <skipped message="Reason: testing depth 4 is below current testing specification 5 ('test-shinytest2-tm_outliers.R:174:3')"/>
    </testcase>
    <testcase time="0.0110000000000809" classname="shinytest2_tm_outliers" name="e2e_tm_outliers_Outlier_definition_text_and_range_are_displayed_properly_depending_on_method.">
      <skipped message="Reason: testing depth 4 is below current testing specification 5 ('test-shinytest2-tm_outliers.R:189:3')"/>
    </testcase>
    <testcase time="0.0109999999999673" classname="shinytest2_tm_outliers" name="e2e_tm_outliers_Outliers_summary_table_is_displayed_with_proper_content.">
      <skipped message="Reason: testing depth 4 is below current testing specification 5 ('test-shinytest2-tm_outliers.R:240:3')"/>
    </testcase>
    <testcase time="0.0109999999999673" classname="shinytest2_tm_outliers" name="e2e_tm_outliers_Outlier_table_is_displayed_with_proper_content.">
      <skipped message="Reason: testing depth 4 is below current testing specification 5 ('test-shinytest2-tm_outliers.R:288:3')"/>
    </testcase>
  </testsuite>
  <testsuite name="shinytest2-tm_t_crosstable" timestamp="2024-05-15T10:48:35Z" hostname="8490955cf3cd" tests="4" skipped="4" failures="0" errors="0" time="0.046">
    <testcase time="0.0130000000000337" classname="shinytest2_tm_t_crosstable" name="e2e_tm_t_crosstable_Initializes_without_errors">
      <skipped message="Reason: testing depth 4 is below current testing specification 5 ('test-shinytest2-tm_t_crosstable.R:47:3')"/>
    </testcase>
    <testcase time="0.0109999999999673" classname="shinytest2_tm_t_crosstable" name="e2e_tm_t_crosstable_Verify_module_displays_data_table">
      <skipped message="Reason: testing depth 4 is below current testing specification 5 ('test-shinytest2-tm_t_crosstable.R:64:3')"/>
    </testcase>
    <testcase time="0.0110000000000809" classname="shinytest2_tm_t_crosstable" name="e2e_tm_t_crosstable_Verify_default_values_and_settings_data_extracts_for_data_selection">
      <skipped message="Reason: testing depth 4 is below current testing specification 5 ('test-shinytest2-tm_t_crosstable.R:74:3')"/>
    </testcase>
    <testcase time="0.0109999999999673" classname="shinytest2_tm_t_crosstable" name="e2e_tm_t_crosstable_Change_plot_settings">
      <skipped message="Reason: testing depth 4 is below current testing specification 5 ('test-shinytest2-tm_t_crosstable.R:97:3')"/>
    </testcase>
  </testsuite>
  <testsuite name="shinytest2-tm_variable_browser" timestamp="2024-05-15T10:48:35Z" hostname="8490955cf3cd" tests="6" skipped="6" failures="0" errors="0" time="0.071">
    <testcase time="0.0130000000000337" classname="shinytest2_tm_variable_browser" name="e2e_tm_variable_browser_content_is_displayed_correctly.">
      <skipped message="Reason: testing depth 4 is below current testing specification 5 ('test-shinytest2-tm_variable_browser.R:30:3')"/>
    </testcase>
    <testcase time="0.0119999999999436" classname="shinytest2_tm_variable_browser" name="e2e_tm_variable_browser_Selecting_treat_variable_as_factor_changes_the_table_headers.">
      <skipped message="Reason: testing depth 4 is below current testing specification 5 ('test-shinytest2-tm_variable_browser.R:65:3')"/>
    </testcase>
    <testcase time="0.01400000000001" classname="shinytest2_tm_variable_browser" name="e2e_tm_variable_browser_selection_of_categorical_variable_has_a_table_with_level_header.">
      <skipped message="Reason: testing depth 4 is below current testing specification 5 ('test-shinytest2-tm_variable_browser.R:97:3')"/>
    </testcase>
    <testcase time="0.0109999999999673" classname="shinytest2_tm_variable_browser" name="e2e_tm_variable_browser_changing_display_density_encoding_doesn_t_show_errors.">
      <skipped message="Reason: testing depth 4 is below current testing specification 5 ('test-shinytest2-tm_variable_browser.R:151:3')"/>
    </testcase>
    <testcase time="0.0110000000000809" classname="shinytest2_tm_variable_browser" name="e2e_tm_variable_browser_changing_outlier_definition_encoding_doesn_t_show_errors.">
      <skipped message="Reason: testing depth 4 is below current testing specification 5 ('test-shinytest2-tm_variable_browser.R:166:3')"/>
    </testcase>
    <testcase time="0.00999999999999091" classname="shinytest2_tm_variable_browser" name="e2e_tm_variable_browser_changing_plot_setting_encodings_doesn_t_show_errors.">
      <skipped message="Reason: testing depth 4 is below current testing specification 5 ('test-shinytest2-tm_variable_browser.R:193:3')"/>
    </testcase>
  </testsuite>
  <testsuite name="tm_g_bivariate" timestamp="2024-05-15T10:48:35Z" hostname="8490955cf3cd" tests="18" skipped="0" failures="0" errors="0" time="0.139">
    <testcase time="0.0190000000000055" classname="tm_g_bivariate" name="tm_g_bivariate_creates_a_teal_module_object"/>
    <testcase time="0.00399999999990541" classname="tm_g_bivariate" name="tm_g_bivariate_creates_a_teal_module_object_with_default_options"/>
    <testcase time="0.00499999999999545" classname="tm_g_bivariate" name="tm_g_bivariate_creates_a_teal_module_object_with_multiple_data_extract_specs"/>
    <testcase time="0.00499999999999545" classname="tm_g_bivariate" name="tm_g_bivariate_creates_a_module_with_datanames_taken_from_data_extracts"/>
    <testcase time="0.00700000000006185" classname="tm_g_bivariate" name="tm_g_bivariate_fails_when_x_contains_a_spec_with_multiple_selection"/>
    <testcase time="0.0080000000000382" classname="tm_g_bivariate" name="tm_g_bivariate_fails_when_x_contains_multiple_spec_with_at_least_one_multiple_selection"/>
    <testcase time="0.00699999999994816" classname="tm_g_bivariate" name="tm_g_bivariate_fails_when_x_contains_multiple_spec_with_at_least_one_multiple_selection"/>
    <testcase time="0.0080000000000382" classname="tm_g_bivariate" name="tm_g_bivariate_fails_when_y_contains_multiple_spec_with_at_least_one_multiple_selection"/>
    <testcase time="0.00699999999994816" classname="tm_g_bivariate" name="tm_g_bivariate_fails_when_plot_height_is_not_valid"/>
    <testcase time="0.00700000000006185" classname="tm_g_bivariate" name="tm_g_bivariate_fails_when_plot_height_is_not_valid"/>
    <testcase time="0.00799999999992451" classname="tm_g_bivariate" name="tm_g_bivariate_fails_when_plot_height_is_not_valid"/>
    <testcase time="0.00700000000006185" classname="tm_g_bivariate" name="tm_g_bivariate_fails_when_plot_width_is_not_valid"/>
    <testcase time="0.0119999999999436" classname="tm_g_bivariate" name="tm_g_bivariate_fails_when_plot_width_is_not_valid"/>
    <testcase time="0.0080000000000382" classname="tm_g_bivariate" name="tm_g_bivariate_fails_when_plot_width_is_not_valid"/>
    <testcase time="0.00699999999994816" classname="tm_g_bivariate" name="tm_g_bivariate_fails_when_color_setting_is_FALSE_and_color_is_supplied"/>
    <testcase time="0.00700000000006185" classname="tm_g_bivariate" name="tm_g_bivariate_fails_when_color_setting_is_FALSE_and_size_is_supplied"/>
    <testcase time="0.00799999999992451" classname="tm_g_bivariate" name="tm_g_bivariate_fails_when_color_setting_is_FALSE_and_fill_is_supplied"/>
    <testcase time="0.00500000000010914" classname="tm_g_bivariate" name="tm_g_bivariate_determines_color_size_and_fill_when_color_setting_is_TRUE"/>
  </testsuite>
  <testsuite name="bivariate_ggplot_call" timestamp="2024-05-15T10:48:36Z" hostname="8490955cf3cd" tests="21" skipped="0" failures="0" errors="0" time="0.063">
    <testcase time="0.00699999999994816" classname="bivariate_ggplot_call" name="bivariate_ggplot_call_with_numerics"/>
    <testcase time="0.00199999999995271" classname="bivariate_ggplot_call" name="bivariate_ggplot_call_with_numerics"/>
    <testcase time="0.00300000000004275" classname="bivariate_ggplot_call" name="bivariate_ggplot_call_with_numerics"/>
    <testcase time="0.00199999999995271" classname="bivariate_ggplot_call" name="bivariate_ggplot_call_with_numerics"/>
    <testcase time="0.00499999999999545" classname="bivariate_ggplot_call" name="bivariate_ggplot_call_with_factor_char_logical"/>
    <testcase time="0.00200000000006639" classname="bivariate_ggplot_call" name="bivariate_ggplot_call_with_factor_char_logical"/>
    <testcase time="0.00199999999995271" classname="bivariate_ggplot_call" name="bivariate_ggplot_call_with_factor_char_logical"/>
    <testcase time="0.00300000000004275" classname="bivariate_ggplot_call" name="bivariate_ggplot_call_with_factor_char_logical"/>
    <testcase time="0.00300000000004275" classname="bivariate_ggplot_call" name="bivariate_ggplot_call_with_factor_char_logical"/>
    <testcase time="0.00199999999995271" classname="bivariate_ggplot_call" name="bivariate_ggplot_call_with_factor_char_logical"/>
    <testcase time="0.00199999999995271" classname="bivariate_ggplot_call" name="bivariate_ggplot_call_with_factor_char_logical"/>
    <testcase time="0.00499999999999545" classname="bivariate_ggplot_call" name="bivariate_ggplot_call_with_single_data_numeric"/>
    <testcase time="0.00200000000006639" classname="bivariate_ggplot_call" name="bivariate_ggplot_call_with_single_data_numeric"/>
    <testcase time="0.00299999999992906" classname="bivariate_ggplot_call" name="bivariate_ggplot_call_with_single_data_numeric"/>
    <testcase time="0.00300000000004275" classname="bivariate_ggplot_call" name="bivariate_ggplot_call_with_single_data_numeric"/>
    <testcase time="0.00200000000006639" classname="bivariate_ggplot_call" name="bivariate_ggplot_call_with_single_data_numeric"/>
    <testcase time="0.00299999999992906" classname="bivariate_ggplot_call" name="bivariate_ggplot_call_with_single_data_numeric"/>
    <testcase time="0.0040000000000191" classname="bivariate_ggplot_call" name="bivariate_ggplot_call_with_single_data_factor"/>
    <testcase time="0.00300000000004275" classname="bivariate_ggplot_call" name="bivariate_ggplot_call_with_single_data_factor"/>
    <testcase time="0.00199999999995271" classname="bivariate_ggplot_call" name="bivariate_ggplot_call_with_single_data_factor"/>
    <testcase time="0.00300000000004275" classname="bivariate_ggplot_call" name="bivariate_ggplot_call_with_single_data_factor"/>
  </testsuite>
  <testsuite name="front_page" timestamp="2024-05-15T10:48:36Z" hostname="8490955cf3cd" tests="4" skipped="0" failures="0" errors="0" time="0.019">
    <testcase time="0.00599999999997181" classname="front_page" name="convert_metadata_to_dataframe_returns_a_data_frame_with_no_rows_if_no_metadata"/>
    <testcase time="0.00499999999999545" classname="front_page" name="convert_metadata_to_dataframe_returns_a_data_frame_with_metadata_if_more_than_one_dataset"/>
    <testcase time="0.0040000000000191" classname="front_page" name="convert_metadata_to_dataframe_returns_a_data_frame_with_metadata_if_one_dataset"/>
    <testcase time="0.0040000000000191" classname="front_page" name="convert_metadata_to_dataframe_converts_metadata_values_to_characters"/>
  </testsuite>
  <testsuite name="g_expert_cl" timestamp="2024-05-15T10:48:36Z" hostname="8490955cf3cd" tests="15" skipped="0" failures="0" errors="0" time="0.027">
    <testcase time="0.00499999999999545" classname="g_expert_cl" name="coloring_ggplot_call_can_work_with_all_combinations"/>
    <testcase time="0.00199999999995271" classname="g_expert_cl" name="coloring_ggplot_call_can_work_with_all_combinations"/>
    <testcase time="0.000999999999976353" classname="g_expert_cl" name="coloring_ggplot_call_can_work_with_all_combinations"/>
    <testcase time="0.000999999999976353" classname="g_expert_cl" name="coloring_ggplot_call_can_work_with_all_combinations"/>
    <testcase time="0.00100000000009004" classname="g_expert_cl" name="coloring_ggplot_call_can_work_with_all_combinations"/>
    <testcase time="0.00199999999995271" classname="g_expert_cl" name="coloring_ggplot_call_can_work_with_all_combinations"/>
    <testcase time="0.000999999999976353" classname="g_expert_cl" name="coloring_ggplot_call_can_work_with_all_combinations"/>
    <testcase time="0.00300000000004275" classname="g_expert_cl" name="coloring_ggplot_call_can_work_with_all_combinations_without_colour_var"/>
    <testcase time="0.000999999999976353" classname="g_expert_cl" name="coloring_ggplot_call_can_work_with_all_combinations_without_colour_var"/>
    <testcase time="0.00200000000006639" classname="g_expert_cl" name="coloring_ggplot_call_can_work_with_all_combinations_without_colour_var"/>
    <testcase time="0.000999999999976353" classname="g_expert_cl" name="coloring_ggplot_call_can_work_with_all_combinations_without_colour_var"/>
    <testcase time="0.000999999999976353" classname="g_expert_cl" name="coloring_ggplot_call_can_work_with_all_combinations_without_colour_var"/>
    <testcase time="0.0040000000000191" classname="g_expert_cl" name="coloring_ggplot_call_can_work_size_var"/>
    <testcase time="0.000999999999976353" classname="g_expert_cl" name="coloring_ggplot_call_can_work_size_var"/>
    <testcase time="0.000999999999976353" classname="g_expert_cl" name="coloring_ggplot_call_can_work_size_var"/>
  </testsuite>
  <testsuite name="scatterplotmatrix_get_stats" timestamp="2024-05-15T10:48:36Z" hostname="8490955cf3cd" tests="6" skipped="0" failures="0" errors="0" time="0.028">
    <testcase time="0.0130000000000337" classname="scatterplotmatrix_get_stats" name="get_scatterplotmatrix_stats_x_y_numeric"/>
    <testcase time="0.00199999999995271" classname="scatterplotmatrix_get_stats" name="get_scatterplotmatrix_stats_x_y_numeric"/>
    <testcase time="0.00300000000004275" classname="scatterplotmatrix_get_stats" name="get_scatterplotmatrix_stats_x_y_numeric"/>
    <testcase time="0.00499999999999545" classname="scatterplotmatrix_get_stats" name="get_scatterplotmatrix_stats_x_y_character"/>
    <testcase time="0.00199999999995271" classname="scatterplotmatrix_get_stats" name="get_scatterplotmatrix_stats_x_y_character"/>
    <testcase time="0.00300000000004275" classname="scatterplotmatrix_get_stats" name="get_scatterplotmatrix_stats_x_y_character"/>
  </testsuite>
  <testsuite name="variable_browser" timestamp="2024-05-15T10:48:36Z" hostname="8490955cf3cd" tests="3" skipped="0" failures="0" errors="0" time="0.013">
    <testcase time="0.00499999999999545" classname="variable_browser" name="remove_outliers_from_does_not_remove_outliers_when_outlier_definition_is_zero"/>
    <testcase time="0.0040000000000191" classname="variable_browser" name="remove_outliers_from_removes_outliers_when_outlier_definition_is_non_zero"/>
    <testcase time="0.0040000000000191" classname="variable_browser" name="remove_outliers_from_keeps_missing_values_unchanged"/>
  </testsuite>
</testsuites>
